{
  "stats": {
    "suites": 12,
    "tests": 41,
    "passes": 20,
    "pending": 0,
    "failures": 21,
    "start": "2021-12-15T00:11:04.344Z",
    "end": "2021-12-15T00:13:15.465Z",
    "duration": 131121,
    "testsRegistered": 41,
    "passPercent": 48.78048780487805,
    "pendingPercent": 0,
    "other": 0,
    "hasOther": false,
    "skipped": 0,
    "hasSkipped": false
  },
  "results": [
    {
      "uuid": "f8abc6ea-3996-454f-a7cc-8a6c9f680e0d",
      "title": "",
      "fullFile": "cypress/integration/project.spec.js",
      "file": "cypress/integration/project.spec.js",
      "beforeHooks": [],
      "afterHooks": [],
      "tests": [],
      "suites": [
        {
          "uuid": "ea0db26e-cb48-4228-a020-7df06582b07d",
          "title": "1 - Adicione à página o título \"Paleta de Cores\".",
          "fullFile": "",
          "file": "",
          "beforeHooks": [],
          "afterHooks": [],
          "tests": [
            {
              "title": "Verifica se contém um elemento `h1` com o id `title` com o título correto",
              "fullTitle": "1 - Adicione à página o título \"Paleta de Cores\". Verifica se contém um elemento `h1` com o id `title` com o título correto",
              "timedOut": null,
              "duration": 962,
              "state": "passed",
              "speed": "slow",
              "pass": true,
              "fail": false,
              "pending": false,
              "context": null,
              "code": "cy.get('h1#title').should('contain.text', 'Paleta de Cores');",
              "err": {},
              "uuid": "ba5dfb2b-0663-4e5a-91f7-52ead74c2e70",
              "parentUUID": "ea0db26e-cb48-4228-a020-7df06582b07d",
              "isHook": false,
              "skipped": false
            }
          ],
          "suites": [],
          "passes": [
            "ba5dfb2b-0663-4e5a-91f7-52ead74c2e70"
          ],
          "failures": [],
          "pending": [],
          "skipped": [],
          "duration": 962,
          "root": false,
          "rootEmpty": false,
          "_timeout": 2000
        },
        {
          "uuid": "8f50e090-7df3-48dd-a6cc-42d68bcd344d",
          "title": "2 - Adicione à página uma paleta de quatro cores distintas.",
          "fullFile": "",
          "file": "",
          "beforeHooks": [],
          "afterHooks": [],
          "tests": [
            {
              "title": "A paleta de cores deve ser um elemento com `id` denominado `color-palette`",
              "fullTitle": "2 - Adicione à página uma paleta de quatro cores distintas. A paleta de cores deve ser um elemento com `id` denominado `color-palette`",
              "timedOut": null,
              "duration": 435,
              "state": "passed",
              "speed": "slow",
              "pass": true,
              "fail": false,
              "pending": false,
              "context": null,
              "code": "cy.get('#color-palette').should('be.visible');\ncy.get('#color-palette').children('.color');",
              "err": {},
              "uuid": "063c6913-9c6e-46af-981b-017d7487acf2",
              "parentUUID": "8f50e090-7df3-48dd-a6cc-42d68bcd344d",
              "isHook": false,
              "skipped": false
            },
            {
              "title": "Verifica se cada cor individual da paleta de cores possui a `classe` chamada `color`.",
              "fullTitle": "2 - Adicione à página uma paleta de quatro cores distintas. Verifica se cada cor individual da paleta de cores possui a `classe` chamada `color`.",
              "timedOut": null,
              "duration": 779,
              "state": "passed",
              "speed": "slow",
              "pass": true,
              "fail": false,
              "pending": false,
              "context": null,
              "code": "cy.get('.color').should('have.length', 4).then(function (colors) {\n  for (var i = 0; i < colors.length; i++) {\n    cy.wrap(colors[i]).should('be.visible');\n  }\n});",
              "err": {},
              "uuid": "5dbef04c-9c2f-47bb-acbd-eb3d04cf5c94",
              "parentUUID": "8f50e090-7df3-48dd-a6cc-42d68bcd344d",
              "isHook": false,
              "skipped": false
            },
            {
              "title": "Verifica se a cor de fundo de cada elemento da paleta é a cor que o elemento representa. **A única cor não permitida na paleta é a cor branca.**",
              "fullTitle": "2 - Adicione à página uma paleta de quatro cores distintas. Verifica se a cor de fundo de cada elemento da paleta é a cor que o elemento representa. **A única cor não permitida na paleta é a cor branca.**",
              "timedOut": null,
              "duration": 711,
              "state": "passed",
              "speed": "slow",
              "pass": true,
              "fail": false,
              "pending": false,
              "context": null,
              "code": "cy.get('.color').each(function (color) {\n  cy.wrap(color).should('have.class', 'color').and('not.have.css', 'background-color', WHITE);\n  cy.wrap(color).should('have.css', 'background-color');\n});",
              "err": {},
              "uuid": "58f8c8be-94de-4738-9d71-58ae92fe4696",
              "parentUUID": "8f50e090-7df3-48dd-a6cc-42d68bcd344d",
              "isHook": false,
              "skipped": false
            },
            {
              "title": "Verifica se cada elemento da paleta de cores tem uma borda preta, sólida e com 1 pixel de largura;",
              "fullTitle": "2 - Adicione à página uma paleta de quatro cores distintas. Verifica se cada elemento da paleta de cores tem uma borda preta, sólida e com 1 pixel de largura;",
              "timedOut": null,
              "duration": 498,
              "state": "passed",
              "speed": "slow",
              "pass": true,
              "fail": false,
              "pending": false,
              "context": null,
              "code": "cy.get('.color').each(function (color) {\n  cy.wrap(color).and('have.css', 'border', \"1px solid \".concat(BLACK)).and('have.class', 'color');\n});",
              "err": {},
              "uuid": "a724df09-36b9-4a8c-95a6-9fda98b4a8f7",
              "parentUUID": "8f50e090-7df3-48dd-a6cc-42d68bcd344d",
              "isHook": false,
              "skipped": false
            },
            {
              "title": "Verifica se a paleta lista todas as cores disponíveis para utilização, lado a lado.",
              "fullTitle": "2 - Adicione à página uma paleta de quatro cores distintas. Verifica se a paleta lista todas as cores disponíveis para utilização, lado a lado.",
              "timedOut": null,
              "duration": 1050,
              "state": "failed",
              "speed": null,
              "pass": false,
              "fail": true,
              "pending": false,
              "context": null,
              "code": "cy.get('.color').then(function (colors) {\n  for (var index = 1; index < colors.length; index += 1) {\n    var currentColor = colors[index];\n    var previousColor = colors[index - 1];\n    cy.wrap(currentColor).should('be.onTheRightOf', previousColor).and('be.horizontallyAlignedWith', previousColor);\n  }\n});",
              "err": {
                "message": "CypressError: The chainer: 'onTheRightOf' was not found. Could not build assertion.",
                "estack": "CypressError: The chainer: 'onTheRightOf' was not found. Could not build assertion.\n    at Object.cypressErr (http://localhost:50889/__cypress/runner/cypress_runner.js:149934:9)\n    at http://localhost:50889/__cypress/runner/cypress_runner.js:136239:27\n    at arrayReduce (http://localhost:50889/__cypress/runner/cypress_runner.js:13988:21)\n    at Function.reduce (http://localhost:50889/__cypress/runner/cypress_runner.js:22986:14)\n    at applyChainers (http://localhost:50889/__cypress/runner/cypress_runner.js:136237:18)\n    at tryCatcher (http://localhost:50889/__cypress/runner/cypress_runner.js:167415:23)\n    at Function.Promise.attempt.Promise.try (http://localhost:50889/__cypress/runner/cypress_runner.js:164690:29)\n    at Context.shouldFn (http://localhost:50889/__cypress/runner/cypress_runner.js:136247:23)\n    at Context.should (http://localhost:50889/__cypress/runner/cypress_runner.js:136262:23)\n    at http://localhost:50889/__cypress/runner/cypress_runner.js:132330:39\n    at assertions (http://localhost:50889/__cypress/runner/cypress_runner.js:132590:14)\n    at tryCatcher (http://localhost:50889/__cypress/runner/cypress_runner.js:167415:23)\n    at Object.gotValue (http://localhost:50889/__cypress/runner/cypress_runner.js:166559:18)\n    at Object.gotAccum (http://localhost:50889/__cypress/runner/cypress_runner.js:166546:25)\n    at Object.tryCatcher (http://localhost:50889/__cypress/runner/cypress_runner.js:167415:23)\n    at Promise._settlePromiseFromHandler (http://localhost:50889/__cypress/runner/cypress_runner.js:165351:31)",
                "diff": null
              },
              "uuid": "6a1c4b54-e37d-42dc-8ac6-756886a4a23d",
              "parentUUID": "8f50e090-7df3-48dd-a6cc-42d68bcd344d",
              "isHook": false,
              "skipped": false
            },
            {
              "title": "Verifica se a paleta de cores está posicionada abaixo do título 'Paleta de Cores'",
              "fullTitle": "2 - Adicione à página uma paleta de quatro cores distintas. Verifica se a paleta de cores está posicionada abaixo do título 'Paleta de Cores'",
              "timedOut": null,
              "duration": 1271,
              "state": "failed",
              "speed": null,
              "pass": false,
              "fail": true,
              "pending": false,
              "context": null,
              "code": "cy.get('h1#title').then(function (title) {\n  cy.get('#color-palette').should('be.belowOf', title);\n});",
              "err": {
                "message": "CypressError: The chainer: 'belowOf' was not found. Could not build assertion.",
                "estack": "CypressError: The chainer: 'belowOf' was not found. Could not build assertion.\n    at Object.cypressErr (http://localhost:50889/__cypress/runner/cypress_runner.js:149934:9)\n    at http://localhost:50889/__cypress/runner/cypress_runner.js:136239:27\n    at arrayReduce (http://localhost:50889/__cypress/runner/cypress_runner.js:13988:21)\n    at Function.reduce (http://localhost:50889/__cypress/runner/cypress_runner.js:22986:14)\n    at applyChainers (http://localhost:50889/__cypress/runner/cypress_runner.js:136237:18)\n    at tryCatcher (http://localhost:50889/__cypress/runner/cypress_runner.js:167415:23)\n    at Function.Promise.attempt.Promise.try (http://localhost:50889/__cypress/runner/cypress_runner.js:164690:29)\n    at Context.shouldFn (http://localhost:50889/__cypress/runner/cypress_runner.js:136247:23)\n    at Context.should (http://localhost:50889/__cypress/runner/cypress_runner.js:136262:23)\n    at http://localhost:50889/__cypress/runner/cypress_runner.js:132330:39\n    at assertions (http://localhost:50889/__cypress/runner/cypress_runner.js:132590:14)\n    at tryCatcher (http://localhost:50889/__cypress/runner/cypress_runner.js:167415:23)\n    at Object.gotValue (http://localhost:50889/__cypress/runner/cypress_runner.js:166559:18)\n    at Object.gotAccum (http://localhost:50889/__cypress/runner/cypress_runner.js:166546:25)\n    at Object.tryCatcher (http://localhost:50889/__cypress/runner/cypress_runner.js:167415:23)\n    at Promise._settlePromiseFromHandler (http://localhost:50889/__cypress/runner/cypress_runner.js:165351:31)",
                "diff": null
              },
              "uuid": "cb515aea-dc12-4a51-9bb4-2acf16541948",
              "parentUUID": "8f50e090-7df3-48dd-a6cc-42d68bcd344d",
              "isHook": false,
              "skipped": false
            },
            {
              "title": "Verifica se a paleta de cores não contém cores repetidas.",
              "fullTitle": "2 - Adicione à página uma paleta de quatro cores distintas. Verifica se a paleta de cores não contém cores repetidas.",
              "timedOut": null,
              "duration": 1103,
              "state": "passed",
              "speed": "slow",
              "pass": true,
              "fail": false,
              "pending": false,
              "context": null,
              "code": "cy.get('.color').then(function (colors) {\n  var allColors = Array.from(colors).map(function (color) {\n    return Cypress.$(color).css('background-color');\n  });\n  cy.log(allColors);\n  var uniqColors = (0, _toConsumableArray2[\"default\"])(new Set(allColors));\n  cy.log(uniqColors);\n  expect(allColors.length).to.eq(uniqColors.length);\n});",
              "err": {},
              "uuid": "d9e11c03-436f-4993-9e61-5d8b631b1d04",
              "parentUUID": "8f50e090-7df3-48dd-a6cc-42d68bcd344d",
              "isHook": false,
              "skipped": false
            }
          ],
          "suites": [],
          "passes": [
            "063c6913-9c6e-46af-981b-017d7487acf2",
            "5dbef04c-9c2f-47bb-acbd-eb3d04cf5c94",
            "58f8c8be-94de-4738-9d71-58ae92fe4696",
            "a724df09-36b9-4a8c-95a6-9fda98b4a8f7",
            "d9e11c03-436f-4993-9e61-5d8b631b1d04"
          ],
          "failures": [
            "6a1c4b54-e37d-42dc-8ac6-756886a4a23d",
            "cb515aea-dc12-4a51-9bb4-2acf16541948"
          ],
          "pending": [],
          "skipped": [],
          "duration": 5847,
          "root": false,
          "rootEmpty": false,
          "_timeout": 2000
        },
        {
          "uuid": "ba5c6a6d-371c-465d-aa5b-0d7e199cf577",
          "title": "3 - Adicione a cor **preta** como a primeira cor da paleta de cores.",
          "fullFile": "",
          "file": "",
          "beforeHooks": [],
          "afterHooks": [],
          "tests": [
            {
              "title": "Verifica se a primeira cor da paleta é preta",
              "fullTitle": "3 - Adicione a cor **preta** como a primeira cor da paleta de cores. Verifica se a primeira cor da paleta é preta",
              "timedOut": null,
              "duration": 720,
              "state": "passed",
              "speed": "slow",
              "pass": true,
              "fail": false,
              "pending": false,
              "context": null,
              "code": "cy.get('.color').first().should('have.css', 'background-color', BLACK);",
              "err": {},
              "uuid": "cdd8c541-1b24-4799-bc6c-bea7e47ccf59",
              "parentUUID": "ba5c6a6d-371c-465d-aa5b-0d7e199cf577",
              "isHook": false,
              "skipped": false
            },
            {
              "title": "Verifica se as demais cores podem ser escolhidas livremente.",
              "fullTitle": "3 - Adicione a cor **preta** como a primeira cor da paleta de cores. Verifica se as demais cores podem ser escolhidas livremente.",
              "timedOut": null,
              "duration": 561,
              "state": "passed",
              "speed": "slow",
              "pass": true,
              "fail": false,
              "pending": false,
              "context": null,
              "code": "cy.get('.color').eq(1).should('not.have.css', 'background-color', BLACK);\ncy.get('.color').eq(1).should('not.have.css', 'background-color', WHITE);\ncy.get('.color').eq(1).should('not.have.css', 'background-color', 'rgba(0, 0, 0, 0)');\ncy.get('.color').eq(1).should('have.css', 'background-color');\ncy.get('.color').eq(2).should('not.have.css', 'background-color', BLACK);\ncy.get('.color').eq(2).should('not.have.css', 'background-color', WHITE);\ncy.get('.color').eq(2).should('not.have.css', 'background-color', 'rgba(0, 0, 0, 0)');\ncy.get('.color').eq(2).should('have.css', 'background-color');\ncy.get('.color').eq(3).should('not.have.css', 'background-color', BLACK);\ncy.get('.color').eq(3).should('not.have.css', 'background-color', WHITE);\ncy.get('.color').eq(3).should('not.have.css', 'background-color', 'rgba(0, 0, 0, 0)');\ncy.get('.color').eq(3).should('have.css', 'background-color');",
              "err": {},
              "uuid": "23f1c6cb-aacc-4783-80fe-cc0d27da280d",
              "parentUUID": "ba5c6a6d-371c-465d-aa5b-0d7e199cf577",
              "isHook": false,
              "skipped": false
            }
          ],
          "suites": [],
          "passes": [
            "cdd8c541-1b24-4799-bc6c-bea7e47ccf59",
            "23f1c6cb-aacc-4783-80fe-cc0d27da280d"
          ],
          "failures": [],
          "pending": [],
          "skipped": [],
          "duration": 1281,
          "root": false,
          "rootEmpty": false,
          "_timeout": 2000
        },
        {
          "uuid": "552a52c4-f1b3-4dea-84dd-fcbf3fa42d62",
          "title": "4 - Adicione à página um quadro de pixels, com 25 pixels.",
          "fullFile": "",
          "file": "",
          "beforeHooks": [],
          "afterHooks": [],
          "tests": [
            {
              "title": "Verifica se o quadro de pixels possui o `id` denominado `pixel-board`",
              "fullTitle": "4 - Adicione à página um quadro de pixels, com 25 pixels. Verifica se o quadro de pixels possui o `id` denominado `pixel-board`",
              "timedOut": null,
              "duration": 364,
              "state": "passed",
              "speed": "slow",
              "pass": true,
              "fail": false,
              "pending": false,
              "context": null,
              "code": "cy.get('#pixel-board').should('be.visible');",
              "err": {},
              "uuid": "5bbcb617-8bf9-475d-9ba5-7c7ee19eea8a",
              "parentUUID": "552a52c4-f1b3-4dea-84dd-fcbf3fa42d62",
              "isHook": false,
              "skipped": false
            },
            {
              "title": "Verifica se cada pixel individual dentro do quadro possui a `classe` denominada `pixel`.",
              "fullTitle": "4 - Adicione à página um quadro de pixels, com 25 pixels. Verifica se cada pixel individual dentro do quadro possui a `classe` denominada `pixel`.",
              "timedOut": null,
              "duration": 509,
              "state": "passed",
              "speed": "slow",
              "pass": true,
              "fail": false,
              "pending": false,
              "context": null,
              "code": "cy.get('.pixel').should('have.length', 25);",
              "err": {},
              "uuid": "bb355faf-fe3e-416d-ae6e-5d845f912792",
              "parentUUID": "552a52c4-f1b3-4dea-84dd-fcbf3fa42d62",
              "isHook": false,
              "skipped": false
            },
            {
              "title": "Verifica se a cor inicial dos pixels dentro do quadro, ao abrir a página, é branca.",
              "fullTitle": "4 - Adicione à página um quadro de pixels, com 25 pixels. Verifica se a cor inicial dos pixels dentro do quadro, ao abrir a página, é branca.",
              "timedOut": null,
              "duration": 601,
              "state": "passed",
              "speed": "slow",
              "pass": true,
              "fail": false,
              "pending": false,
              "context": null,
              "code": "cy.get('.pixel').should('have.length', 25).each(function (pixel) {\n  expect(pixel).to.have.css('background-color', WHITE);\n});",
              "err": {},
              "uuid": "8e949783-dfe3-4473-9d5a-1c25dc2a4b13",
              "parentUUID": "552a52c4-f1b3-4dea-84dd-fcbf3fa42d62",
              "isHook": false,
              "skipped": false
            },
            {
              "title": "Verifica se o quadro de pixels aparece abaixo da paleta de cores",
              "fullTitle": "4 - Adicione à página um quadro de pixels, com 25 pixels. Verifica se o quadro de pixels aparece abaixo da paleta de cores",
              "timedOut": null,
              "duration": 1072,
              "state": "failed",
              "speed": null,
              "pass": false,
              "fail": true,
              "pending": false,
              "context": null,
              "code": "cy.get('#color-palette').then(function (palette) {\n  cy.get('#pixel-board').should('be.belowOf', palette);\n});",
              "err": {
                "message": "CypressError: The chainer: 'belowOf' was not found. Could not build assertion.",
                "estack": "CypressError: The chainer: 'belowOf' was not found. Could not build assertion.\n    at Object.cypressErr (http://localhost:50889/__cypress/runner/cypress_runner.js:149934:9)\n    at http://localhost:50889/__cypress/runner/cypress_runner.js:136239:27\n    at arrayReduce (http://localhost:50889/__cypress/runner/cypress_runner.js:13988:21)\n    at Function.reduce (http://localhost:50889/__cypress/runner/cypress_runner.js:22986:14)\n    at applyChainers (http://localhost:50889/__cypress/runner/cypress_runner.js:136237:18)\n    at tryCatcher (http://localhost:50889/__cypress/runner/cypress_runner.js:167415:23)\n    at Function.Promise.attempt.Promise.try (http://localhost:50889/__cypress/runner/cypress_runner.js:164690:29)\n    at Context.shouldFn (http://localhost:50889/__cypress/runner/cypress_runner.js:136247:23)\n    at Context.should (http://localhost:50889/__cypress/runner/cypress_runner.js:136262:23)\n    at http://localhost:50889/__cypress/runner/cypress_runner.js:132330:39\n    at assertions (http://localhost:50889/__cypress/runner/cypress_runner.js:132590:14)\n    at tryCatcher (http://localhost:50889/__cypress/runner/cypress_runner.js:167415:23)\n    at Object.gotValue (http://localhost:50889/__cypress/runner/cypress_runner.js:166559:18)\n    at Object.gotAccum (http://localhost:50889/__cypress/runner/cypress_runner.js:166546:25)\n    at Object.tryCatcher (http://localhost:50889/__cypress/runner/cypress_runner.js:167415:23)\n    at Promise._settlePromiseFromHandler (http://localhost:50889/__cypress/runner/cypress_runner.js:165351:31)",
                "diff": null
              },
              "uuid": "c01c5845-bccd-4b45-9d1f-d2c5a414e5e1",
              "parentUUID": "552a52c4-f1b3-4dea-84dd-fcbf3fa42d62",
              "isHook": false,
              "skipped": false
            }
          ],
          "suites": [],
          "passes": [
            "5bbcb617-8bf9-475d-9ba5-7c7ee19eea8a",
            "bb355faf-fe3e-416d-ae6e-5d845f912792",
            "8e949783-dfe3-4473-9d5a-1c25dc2a4b13"
          ],
          "failures": [
            "c01c5845-bccd-4b45-9d1f-d2c5a414e5e1"
          ],
          "pending": [],
          "skipped": [],
          "duration": 2546,
          "root": false,
          "rootEmpty": false,
          "_timeout": 2000
        },
        {
          "uuid": "2521b13d-ff1f-4923-b64b-c34dff695e0c",
          "title": "5 - Faça com que cada elemento do quadro de pixels possua 40 pixels de largura, 40 pixels de altura e seja delimitado por uma borda preta de 1 pixel.",
          "fullFile": "",
          "file": "",
          "beforeHooks": [],
          "afterHooks": [],
          "tests": [
            {
              "title": "Verifica se o quadro de pixels tem altura e comprimento de 5 elementos",
              "fullTitle": "5 - Faça com que cada elemento do quadro de pixels possua 40 pixels de largura, 40 pixels de altura e seja delimitado por uma borda preta de 1 pixel. Verifica se o quadro de pixels tem altura e comprimento de 5 elementos",
              "timedOut": null,
              "duration": 2003,
              "state": "failed",
              "speed": null,
              "pass": false,
              "fail": true,
              "pending": false,
              "context": null,
              "code": "cy.get('.pixel').should('have.length', 25).each(function (pixel) {\n  expect(pixel).to.have.css('background-color', WHITE);\n}).and(function (pixels) {\n  var rows = chunk(pixels, 5);\n  rows.forEach(function (row) {\n    for (var index = 1; index < row.length; index += 1) {\n      var current = pixels[index];\n      var previous = pixels[index - 1];\n      cy.wrap(current).should('be.onTheRightOf', previous).and('be.horizontallyAlignedWith', previous);\n    }\n  });\n  for (var index = 1; index < 5; index += 1) {\n    expect(pixels[index * 5]).to.be.belowOf(pixels[(index - 1) * 5]);\n  }\n});",
              "err": {
                "message": "Error: Invalid Chai property: belowOf. Did you mean \"below\"?",
                "estack": "Error: Invalid Chai property: belowOf. Did you mean \"below\"?\n    at Object.proxyGetter [as get] (http://localhost:50889/__cypress/runner/cypress_runner.js:71546:17)\n    at http://localhost:50889/__cypress/runner/cypress_runner.js:136161:17\n    at tryCatcher (http://localhost:50889/__cypress/runner/cypress_runner.js:167415:23)\n    at Function.Promise.attempt.Promise.try (http://localhost:50889/__cypress/runner/cypress_runner.js:164690:29)\n    at Context.shouldFnWithCallback (http://localhost:50889/__cypress/runner/cypress_runner.js:136158:23)\n    at Context.shouldFn (http://localhost:50889/__cypress/runner/cypress_runner.js:136167:35)\n    at Context.and (http://localhost:50889/__cypress/runner/cypress_runner.js:136265:23)\n    at Context.<anonymous> (http://localhost:50889/__cypress/runner/cypress_runner.js:148875:21)\n    at http://localhost:50889/__cypress/runner/cypress_runner.js:148351:33\n    at tryCatcher (http://localhost:50889/__cypress/runner/cypress_runner.js:167415:23)\n    at Promise._settlePromiseFromHandler (http://localhost:50889/__cypress/runner/cypress_runner.js:165351:31)\n    at Promise._settlePromise (http://localhost:50889/__cypress/runner/cypress_runner.js:165408:18)\n    at Promise._settlePromiseCtx (http://localhost:50889/__cypress/runner/cypress_runner.js:165445:10)\n    at Async../node_modules/bluebird/js/release/async.js.Async._drainQueue (http://localhost:50889/__cypress/runner/cypress_runner.js:162145:12)\n    at Async../node_modules/bluebird/js/release/async.js.Async._drainQueues (http://localhost:50889/__cypress/runner/cypress_runner.js:162150:10)\n    at Async.drainQueues (http://localhost:50889/__cypress/runner/cypress_runner.js:162024:14)",
                "diff": null
              },
              "uuid": "eba6fbdb-4079-4a40-8995-73e60e633a50",
              "parentUUID": "2521b13d-ff1f-4923-b64b-c34dff695e0c",
              "isHook": false,
              "skipped": false
            },
            {
              "title": "Verifica se 40 pixels é o tamanho total do elemento, incluindo seu conteúdo e excluindo a borda preta, que deve ser criada à parte.",
              "fullTitle": "5 - Faça com que cada elemento do quadro de pixels possua 40 pixels de largura, 40 pixels de altura e seja delimitado por uma borda preta de 1 pixel. Verifica se 40 pixels é o tamanho total do elemento, incluindo seu conteúdo e excluindo a borda preta, que deve ser criada à parte.",
              "timedOut": null,
              "duration": 1789,
              "state": "passed",
              "speed": "slow",
              "pass": true,
              "fail": false,
              "pending": false,
              "context": null,
              "code": "cy.get('.pixel').each(function (pixel) {\n  cy.wrap(pixel).should('have.css', 'height', '40px').and('have.css', 'width', '40px').and('have.css', 'border', \"1px solid \".concat(BLACK));\n});",
              "err": {},
              "uuid": "3e127d0d-0e7e-4170-90d3-8eeabae49f7a",
              "parentUUID": "2521b13d-ff1f-4923-b64b-c34dff695e0c",
              "isHook": false,
              "skipped": false
            }
          ],
          "suites": [],
          "passes": [
            "3e127d0d-0e7e-4170-90d3-8eeabae49f7a"
          ],
          "failures": [
            "eba6fbdb-4079-4a40-8995-73e60e633a50"
          ],
          "pending": [],
          "skipped": [],
          "duration": 3792,
          "root": false,
          "rootEmpty": false,
          "_timeout": 2000
        },
        {
          "uuid": "28722788-687d-4fd9-b5c2-840934c3f558",
          "title": "6 - Defina a cor preta como cor inicial. Ao carregar a página a cor preta já deve estar selecionada para pintar os pixels",
          "fullFile": "",
          "file": "",
          "beforeHooks": [],
          "afterHooks": [],
          "tests": [
            {
              "title": "Verifica se o elemento da cor preta possui, inicialmente, a `classe` `selected`",
              "fullTitle": "6 - Defina a cor preta como cor inicial. Ao carregar a página a cor preta já deve estar selecionada para pintar os pixels Verifica se o elemento da cor preta possui, inicialmente, a `classe` `selected`",
              "timedOut": null,
              "duration": 500,
              "state": "passed",
              "speed": "slow",
              "pass": true,
              "fail": false,
              "pending": false,
              "context": null,
              "code": "cy.get('.selected').first().should('have.css', 'background-color', BLACK);",
              "err": {},
              "uuid": "bc100e0c-46ff-41f3-aa7d-06db2da56215",
              "parentUUID": "28722788-687d-4fd9-b5c2-840934c3f558",
              "isHook": false,
              "skipped": false
            },
            {
              "title": "Verifica se nenhuma outra cor da paleta tem a `classe` `selected`",
              "fullTitle": "6 - Defina a cor preta como cor inicial. Ao carregar a página a cor preta já deve estar selecionada para pintar os pixels Verifica se nenhuma outra cor da paleta tem a `classe` `selected`",
              "timedOut": null,
              "duration": 458,
              "state": "passed",
              "speed": "slow",
              "pass": true,
              "fail": false,
              "pending": false,
              "context": null,
              "code": "cy.get('.color:not(:first-child)').each(function (color) {\n  cy.wrap(color).should('not.have.class', 'selected');\n});",
              "err": {},
              "uuid": "af4457e8-da34-4ed8-9c5d-29c73dd898c4",
              "parentUUID": "28722788-687d-4fd9-b5c2-840934c3f558",
              "isHook": false,
              "skipped": false
            }
          ],
          "suites": [],
          "passes": [
            "bc100e0c-46ff-41f3-aa7d-06db2da56215",
            "af4457e8-da34-4ed8-9c5d-29c73dd898c4"
          ],
          "failures": [],
          "pending": [],
          "skipped": [],
          "duration": 958,
          "root": false,
          "rootEmpty": false,
          "_timeout": 2000
        },
        {
          "uuid": "2277b98a-d161-4700-ab7f-94a9b48b176e",
          "title": "7 - Clicar em uma das cores da paleta, faz com que ela seja selecionada e utilizada para preencher os pixels no quadro.",
          "fullFile": "",
          "file": "",
          "beforeHooks": [],
          "afterHooks": [],
          "tests": [
            {
              "title": "Verifica se somente uma cor da paleta de cores tem a classe `selected` de cada vez",
              "fullTitle": "7 - Clicar em uma das cores da paleta, faz com que ela seja selecionada e utilizada para preencher os pixels no quadro. Verifica se somente uma cor da paleta de cores tem a classe `selected` de cada vez",
              "timedOut": null,
              "duration": 826,
              "state": "passed",
              "speed": "slow",
              "pass": true,
              "fail": false,
              "pending": false,
              "context": null,
              "code": "cy.get('.color').each(function (selectedColor, selectedColorIndex) {\n  cy.wrap(selectedColor).click();\n  cy.get('.color').each(function (color, colorIndex) {\n    if (colorIndex === selectedColorIndex) {\n      expect(color).to.have[\"class\"]('selected');\n    } else {\n      expect(color).not.to.have[\"class\"]('selected');\n    }\n  });\n});",
              "err": {},
              "uuid": "ed2dd4b1-d136-49a5-8988-33e38de1b9ed",
              "parentUUID": "2277b98a-d161-4700-ab7f-94a9b48b176e",
              "isHook": false,
              "skipped": false
            },
            {
              "title": "Verifica se os pixels dentro do quadro não têm a classe `selected` quando são clicados",
              "fullTitle": "7 - Clicar em uma das cores da paleta, faz com que ela seja selecionada e utilizada para preencher os pixels no quadro. Verifica se os pixels dentro do quadro não têm a classe `selected` quando são clicados",
              "timedOut": null,
              "duration": 10272,
              "state": "passed",
              "speed": "slow",
              "pass": true,
              "fail": false,
              "pending": false,
              "context": null,
              "code": "cy.get('.color').each(function (color) {\n  var backgroundColor = color.css('background-color');\n  cy.wrap(color).click();\n  cy.get('.pixel').each(function (pixel) {\n    cy.wrap(pixel).click().should('not.have.class', 'selected');\n  });\n});",
              "err": {},
              "uuid": "a0e55061-011a-4c8f-a9bd-d616b88dbddc",
              "parentUUID": "2277b98a-d161-4700-ab7f-94a9b48b176e",
              "isHook": false,
              "skipped": false
            }
          ],
          "suites": [],
          "passes": [
            "ed2dd4b1-d136-49a5-8988-33e38de1b9ed",
            "a0e55061-011a-4c8f-a9bd-d616b88dbddc"
          ],
          "failures": [],
          "pending": [],
          "skipped": [],
          "duration": 11098,
          "root": false,
          "rootEmpty": false,
          "_timeout": 2000
        },
        {
          "uuid": "e824acea-a2c8-45b2-b95d-b34c25062a83",
          "title": "8 - Clicar em um pixel dentro do quadro após selecionar uma cor na paleta, faz com que o pixel seja preenchido com a cor selecionada.",
          "fullFile": "",
          "file": "",
          "beforeHooks": [],
          "afterHooks": [],
          "tests": [
            {
              "title": "Verifica se ao carregar a página deve ser possível pintar os pixels de preto",
              "fullTitle": "8 - Clicar em um pixel dentro do quadro após selecionar uma cor na paleta, faz com que o pixel seja preenchido com a cor selecionada. Verifica se ao carregar a página deve ser possível pintar os pixels de preto",
              "timedOut": null,
              "duration": 2924,
              "state": "passed",
              "speed": "slow",
              "pass": true,
              "fail": false,
              "pending": false,
              "context": null,
              "code": "cy.get('.pixel').each(function (pixel) {\n  cy.wrap(pixel).click().should('have.css', 'background-color', BLACK);\n});",
              "err": {},
              "uuid": "6acabd13-64d6-4636-8ebe-7a7d4c8341df",
              "parentUUID": "e824acea-a2c8-45b2-b95d-b34c25062a83",
              "isHook": false,
              "skipped": false
            },
            {
              "title": "Verifica se após selecionar uma outra cor na paleta, é possível pintar os pixels com essa cor",
              "fullTitle": "8 - Clicar em um pixel dentro do quadro após selecionar uma cor na paleta, faz com que o pixel seja preenchido com a cor selecionada. Verifica se após selecionar uma outra cor na paleta, é possível pintar os pixels com essa cor",
              "timedOut": null,
              "duration": 7659,
              "state": "failed",
              "speed": null,
              "pass": false,
              "fail": true,
              "pending": false,
              "context": null,
              "code": "cy.get('.color').each(function (color) {\n  var backgroundColor = color.css('background-color');\n  cy.wrap(color).click();\n  cy.get('.pixel').each(function (pixel) {\n    cy.wrap(pixel).click().should('have.css', 'background-color', backgroundColor);\n  });\n});",
              "err": {
                "message": "CypressError: Timed out retrying: expected '<div#zero.pixel>' to have CSS property 'background-color' with the value 'rgb(12, 81, 83)', but the value was 'rgb(0, 0, 0)'",
                "estack": "CypressError: Timed out retrying: expected '<div#zero.pixel>' to have CSS property 'background-color' with the value 'rgb(12, 81, 83)', but the value was 'rgb(0, 0, 0)'\n    at cypressErr (http://localhost:50889/__cypress/runner/cypress_runner.js:149934:9)\n    at throwErr (http://localhost:50889/__cypress/runner/cypress_runner.js:149867:11)\n    at Object.throwErrByPath (http://localhost:50889/__cypress/runner/cypress_runner.js:149915:3)\n    at retry (http://localhost:50889/__cypress/runner/cypress_runner.js:144197:19)\n    at onFailFn (http://localhost:50889/__cypress/runner/cypress_runner.js:132448:16)\n    at tryCatcher (http://localhost:50889/__cypress/runner/cypress_runner.js:167415:23)\n    at Promise._settlePromiseFromHandler (http://localhost:50889/__cypress/runner/cypress_runner.js:165351:31)\n    at Promise._settlePromise (http://localhost:50889/__cypress/runner/cypress_runner.js:165408:18)\n    at Promise._settlePromise0 (http://localhost:50889/__cypress/runner/cypress_runner.js:165453:10)\n    at Promise._settlePromises (http://localhost:50889/__cypress/runner/cypress_runner.js:165528:18)\n    at Async../node_modules/bluebird/js/release/async.js.Async._drainQueue (http://localhost:50889/__cypress/runner/cypress_runner.js:162140:16)\n    at Async../node_modules/bluebird/js/release/async.js.Async._drainQueues (http://localhost:50889/__cypress/runner/cypress_runner.js:162150:10)\n    at Async.drainQueues (http://localhost:50889/__cypress/runner/cypress_runner.js:162024:14)",
                "diff": null
              },
              "uuid": "3eaf8116-1f67-4cf2-9e4f-a9b3887bb76b",
              "parentUUID": "e824acea-a2c8-45b2-b95d-b34c25062a83",
              "isHook": false,
              "skipped": false
            },
            {
              "title": "Verifica se somente o pixel que foi clicado foi preenchido com a cor selecionada, sem influenciar na cor dos demais pixels.",
              "fullTitle": "8 - Clicar em um pixel dentro do quadro após selecionar uma cor na paleta, faz com que o pixel seja preenchido com a cor selecionada. Verifica se somente o pixel que foi clicado foi preenchido com a cor selecionada, sem influenciar na cor dos demais pixels.",
              "timedOut": null,
              "duration": 4917,
              "state": "passed",
              "speed": "slow",
              "pass": true,
              "fail": false,
              "pending": false,
              "context": null,
              "code": "var colorToPixelIndexMap = {\n  0: 6,\n  1: 8,\n  2: 16,\n  3: 18\n};\ncy.get('.color').each(function (color, index) {\n  cy.wrap(color).click();\n  var backgroundColor = color.css('background-color');\n  var clickedPixelIndex = colorToPixelIndexMap[index];\n  cy.get('.pixel').eq(clickedPixelIndex).click();\n  cy.get('.pixel').eq(clickedPixelIndex - 1).should('not.have.css', 'background-color', backgroundColor);\n  cy.get('.pixel').eq(clickedPixelIndex + 1).should('not.have.css', 'background-color', backgroundColor);\n  cy.get('.pixel').eq(clickedPixelIndex - 5).should('not.have.css', 'background-color', backgroundColor);\n  cy.get('.pixel').eq(clickedPixelIndex + 5).should('not.have.css', 'background-color', backgroundColor);\n  cy.get('.pixel').eq(clickedPixelIndex - 6).should('not.have.css', 'background-color', backgroundColor);\n  cy.get('.pixel').eq(clickedPixelIndex - 4).should('not.have.css', 'background-color', backgroundColor);\n  cy.get('.pixel').eq(clickedPixelIndex + 4).should('not.have.css', 'background-color', backgroundColor);\n  cy.get('.pixel').eq(clickedPixelIndex + 6).should('not.have.css', 'background-color', backgroundColor);\n});",
              "err": {},
              "uuid": "b9185f22-a6c3-425b-b19d-78f131f60fe0",
              "parentUUID": "e824acea-a2c8-45b2-b95d-b34c25062a83",
              "isHook": false,
              "skipped": false
            }
          ],
          "suites": [],
          "passes": [
            "6acabd13-64d6-4636-8ebe-7a7d4c8341df",
            "b9185f22-a6c3-425b-b19d-78f131f60fe0"
          ],
          "failures": [
            "3eaf8116-1f67-4cf2-9e4f-a9b3887bb76b"
          ],
          "pending": [],
          "skipped": [],
          "duration": 15500,
          "root": false,
          "rootEmpty": false,
          "_timeout": 2000
        },
        {
          "uuid": "d390ac39-73a6-4cc8-b5b1-7b5753e1e721",
          "title": "9 - Crie um botão que, ao ser clicado, limpa o quadro preenchendo a cor de todos seus pixels com branco.",
          "fullFile": "",
          "file": "",
          "beforeHooks": [],
          "afterHooks": [],
          "tests": [
            {
              "title": "Verifica se o botão tem o `id` denominado `clear-board`",
              "fullTitle": "9 - Crie um botão que, ao ser clicado, limpa o quadro preenchendo a cor de todos seus pixels com branco. Verifica se o botão tem o `id` denominado `clear-board`",
              "timedOut": null,
              "duration": 541,
              "state": "passed",
              "speed": "slow",
              "pass": true,
              "fail": false,
              "pending": false,
              "context": null,
              "code": "cy.get('#clear-board').should('be.visible');",
              "err": {},
              "uuid": "905bcf49-cc24-43e1-9a45-7741936f6db1",
              "parentUUID": "d390ac39-73a6-4cc8-b5b1-7b5753e1e721",
              "isHook": false,
              "skipped": false
            },
            {
              "title": "Verifica se o botão está posicionado entre a paleta de cores e o quadro de pixels",
              "fullTitle": "9 - Crie um botão que, ao ser clicado, limpa o quadro preenchendo a cor de todos seus pixels com branco. Verifica se o botão está posicionado entre a paleta de cores e o quadro de pixels",
              "timedOut": null,
              "duration": 1125,
              "state": "failed",
              "speed": null,
              "pass": false,
              "fail": true,
              "pending": false,
              "context": null,
              "code": "cy.get('#color-palette').then(function (palette) {\n  cy.get('#clear-board').should('be.belowOf', palette);\n});\ncy.get('#clear-board').then(function (clearBtn) {\n  cy.get('#pixel-board').should('be.belowOf', clearBtn);\n});",
              "err": {
                "message": "CypressError: The chainer: 'belowOf' was not found. Could not build assertion.",
                "estack": "CypressError: The chainer: 'belowOf' was not found. Could not build assertion.\n    at Object.cypressErr (http://localhost:50889/__cypress/runner/cypress_runner.js:149934:9)\n    at http://localhost:50889/__cypress/runner/cypress_runner.js:136239:27\n    at arrayReduce (http://localhost:50889/__cypress/runner/cypress_runner.js:13988:21)\n    at Function.reduce (http://localhost:50889/__cypress/runner/cypress_runner.js:22986:14)\n    at applyChainers (http://localhost:50889/__cypress/runner/cypress_runner.js:136237:18)\n    at tryCatcher (http://localhost:50889/__cypress/runner/cypress_runner.js:167415:23)\n    at Function.Promise.attempt.Promise.try (http://localhost:50889/__cypress/runner/cypress_runner.js:164690:29)\n    at Context.shouldFn (http://localhost:50889/__cypress/runner/cypress_runner.js:136247:23)\n    at Context.should (http://localhost:50889/__cypress/runner/cypress_runner.js:136262:23)\n    at http://localhost:50889/__cypress/runner/cypress_runner.js:132330:39\n    at assertions (http://localhost:50889/__cypress/runner/cypress_runner.js:132590:14)\n    at tryCatcher (http://localhost:50889/__cypress/runner/cypress_runner.js:167415:23)\n    at Object.gotValue (http://localhost:50889/__cypress/runner/cypress_runner.js:166559:18)\n    at Object.gotAccum (http://localhost:50889/__cypress/runner/cypress_runner.js:166546:25)\n    at Object.tryCatcher (http://localhost:50889/__cypress/runner/cypress_runner.js:167415:23)\n    at Promise._settlePromiseFromHandler (http://localhost:50889/__cypress/runner/cypress_runner.js:165351:31)",
                "diff": null
              },
              "uuid": "02d49434-34df-4735-8341-1d94cddb7d75",
              "parentUUID": "d390ac39-73a6-4cc8-b5b1-7b5753e1e721",
              "isHook": false,
              "skipped": false
            },
            {
              "title": "Verifica se o texto do botão é 'Limpar'",
              "fullTitle": "9 - Crie um botão que, ao ser clicado, limpa o quadro preenchendo a cor de todos seus pixels com branco. Verifica se o texto do botão é 'Limpar'",
              "timedOut": null,
              "duration": 524,
              "state": "passed",
              "speed": "slow",
              "pass": true,
              "fail": false,
              "pending": false,
              "context": null,
              "code": "cy.get('#clear-board').should('contain.text', 'Limpar');",
              "err": {},
              "uuid": "2bdd22e7-61ea-491c-98e4-b9880be38cf7",
              "parentUUID": "d390ac39-73a6-4cc8-b5b1-7b5753e1e721",
              "isHook": false,
              "skipped": false
            },
            {
              "title": "Verifica se ao clicar no botão, o quadro de pixels é totalmente preenchido de branco",
              "fullTitle": "9 - Crie um botão que, ao ser clicado, limpa o quadro preenchendo a cor de todos seus pixels com branco. Verifica se ao clicar no botão, o quadro de pixels é totalmente preenchido de branco",
              "timedOut": null,
              "duration": 8181,
              "state": "failed",
              "speed": null,
              "pass": false,
              "fail": true,
              "pending": false,
              "context": null,
              "code": "cy.get('.color').eq(1).then(function (color) {\n  var backgroundColor = color.css('background-color');\n  cy.wrap(color).click();\n  cy.get('.pixel').each(function (pixel) {\n    cy.wrap(pixel).click().should('have.css', 'background-color', backgroundColor);\n  });\n});\ncy.get('#clear-board').click();\ncy.get('.pixel').each(function (pixel) {\n  cy.wrap(pixel).should('have.css', 'background-color', WHITE);\n});",
              "err": {
                "message": "CypressError: Timed out retrying: expected '<div#one.pixel>' to have CSS property 'background-color' with the value 'rgb(255, 255, 255)', but the value was 'rgb(12, 81, 83)'",
                "estack": "CypressError: Timed out retrying: expected '<div#one.pixel>' to have CSS property 'background-color' with the value 'rgb(255, 255, 255)', but the value was 'rgb(12, 81, 83)'\n    at cypressErr (http://localhost:50889/__cypress/runner/cypress_runner.js:149934:9)\n    at throwErr (http://localhost:50889/__cypress/runner/cypress_runner.js:149867:11)\n    at Object.throwErrByPath (http://localhost:50889/__cypress/runner/cypress_runner.js:149915:3)\n    at retry (http://localhost:50889/__cypress/runner/cypress_runner.js:144197:19)\n    at onFailFn (http://localhost:50889/__cypress/runner/cypress_runner.js:132448:16)\n    at tryCatcher (http://localhost:50889/__cypress/runner/cypress_runner.js:167415:23)\n    at Promise._settlePromiseFromHandler (http://localhost:50889/__cypress/runner/cypress_runner.js:165351:31)\n    at Promise._settlePromise (http://localhost:50889/__cypress/runner/cypress_runner.js:165408:18)\n    at Promise._settlePromise0 (http://localhost:50889/__cypress/runner/cypress_runner.js:165453:10)\n    at Promise._settlePromises (http://localhost:50889/__cypress/runner/cypress_runner.js:165528:18)\n    at Async../node_modules/bluebird/js/release/async.js.Async._drainQueue (http://localhost:50889/__cypress/runner/cypress_runner.js:162140:16)\n    at Async../node_modules/bluebird/js/release/async.js.Async._drainQueues (http://localhost:50889/__cypress/runner/cypress_runner.js:162150:10)\n    at Async.drainQueues (http://localhost:50889/__cypress/runner/cypress_runner.js:162024:14)",
                "diff": null
              },
              "uuid": "c6ee3b8d-6c41-474d-a99a-a5dc2022f33d",
              "parentUUID": "d390ac39-73a6-4cc8-b5b1-7b5753e1e721",
              "isHook": false,
              "skipped": false
            }
          ],
          "suites": [],
          "passes": [
            "905bcf49-cc24-43e1-9a45-7741936f6db1",
            "2bdd22e7-61ea-491c-98e4-b9880be38cf7"
          ],
          "failures": [
            "02d49434-34df-4735-8341-1d94cddb7d75",
            "c6ee3b8d-6c41-474d-a99a-a5dc2022f33d"
          ],
          "pending": [],
          "skipped": [],
          "duration": 10371,
          "root": false,
          "rootEmpty": false,
          "_timeout": 2000
        },
        {
          "uuid": "3deae488-d32e-4279-8de4-656e8417db77",
          "title": "10 - Faça o quadro de pixels ter seu tamanho definido pelo usuário.",
          "fullFile": "",
          "file": "",
          "beforeHooks": [],
          "afterHooks": [],
          "tests": [
            {
              "title": "Verifica se existe um input com o id `board-size`",
              "fullTitle": "10 - Faça o quadro de pixels ter seu tamanho definido pelo usuário. Verifica se existe um input com o id `board-size`",
              "timedOut": null,
              "duration": 5457,
              "state": "failed",
              "speed": null,
              "pass": false,
              "fail": true,
              "pending": false,
              "context": null,
              "code": "cy.get('#board-size').should('be.visible');",
              "err": {
                "message": "CypressError: Timed out retrying: Expected to find element: '#board-size', but never found it.",
                "estack": "CypressError: Timed out retrying: Expected to find element: '#board-size', but never found it.\n    at cypressErr (http://localhost:50889/__cypress/runner/cypress_runner.js:149934:9)\n    at throwErr (http://localhost:50889/__cypress/runner/cypress_runner.js:149867:11)\n    at Object.throwErrByPath (http://localhost:50889/__cypress/runner/cypress_runner.js:149915:3)\n    at retry (http://localhost:50889/__cypress/runner/cypress_runner.js:144197:19)\n    at onFailFn (http://localhost:50889/__cypress/runner/cypress_runner.js:132448:16)\n    at tryCatcher (http://localhost:50889/__cypress/runner/cypress_runner.js:167415:23)\n    at Promise._settlePromiseFromHandler (http://localhost:50889/__cypress/runner/cypress_runner.js:165351:31)\n    at Promise._settlePromise (http://localhost:50889/__cypress/runner/cypress_runner.js:165408:18)\n    at Promise._settlePromise0 (http://localhost:50889/__cypress/runner/cypress_runner.js:165453:10)\n    at Promise._settlePromises (http://localhost:50889/__cypress/runner/cypress_runner.js:165528:18)\n    at Async../node_modules/bluebird/js/release/async.js.Async._drainQueue (http://localhost:50889/__cypress/runner/cypress_runner.js:162140:16)\n    at Async../node_modules/bluebird/js/release/async.js.Async._drainQueues (http://localhost:50889/__cypress/runner/cypress_runner.js:162150:10)\n    at Async.drainQueues (http://localhost:50889/__cypress/runner/cypress_runner.js:162024:14)",
                "diff": null
              },
              "uuid": "674aa458-b1bb-4bd8-b2fc-9f980d149bfe",
              "parentUUID": "3deae488-d32e-4279-8de4-656e8417db77",
              "isHook": false,
              "skipped": false
            },
            {
              "title": "Verifica se existe um botão com o id `generate-board`",
              "fullTitle": "10 - Faça o quadro de pixels ter seu tamanho definido pelo usuário. Verifica se existe um botão com o id `generate-board`",
              "timedOut": null,
              "duration": 5366,
              "state": "failed",
              "speed": null,
              "pass": false,
              "fail": true,
              "pending": false,
              "context": null,
              "code": "cy.get('#generate-board').should('be.visible');",
              "err": {
                "message": "CypressError: Timed out retrying: Expected to find element: '#generate-board', but never found it.",
                "estack": "CypressError: Timed out retrying: Expected to find element: '#generate-board', but never found it.\n    at cypressErr (http://localhost:50889/__cypress/runner/cypress_runner.js:149934:9)\n    at throwErr (http://localhost:50889/__cypress/runner/cypress_runner.js:149867:11)\n    at Object.throwErrByPath (http://localhost:50889/__cypress/runner/cypress_runner.js:149915:3)\n    at retry (http://localhost:50889/__cypress/runner/cypress_runner.js:144197:19)\n    at onFailFn (http://localhost:50889/__cypress/runner/cypress_runner.js:132448:16)\n    at tryCatcher (http://localhost:50889/__cypress/runner/cypress_runner.js:167415:23)\n    at Promise._settlePromiseFromHandler (http://localhost:50889/__cypress/runner/cypress_runner.js:165351:31)\n    at Promise._settlePromise (http://localhost:50889/__cypress/runner/cypress_runner.js:165408:18)\n    at Promise._settlePromise0 (http://localhost:50889/__cypress/runner/cypress_runner.js:165453:10)\n    at Promise._settlePromises (http://localhost:50889/__cypress/runner/cypress_runner.js:165528:18)\n    at Async../node_modules/bluebird/js/release/async.js.Async._drainQueue (http://localhost:50889/__cypress/runner/cypress_runner.js:162140:16)\n    at Async../node_modules/bluebird/js/release/async.js.Async._drainQueues (http://localhost:50889/__cypress/runner/cypress_runner.js:162150:10)\n    at Async.drainQueues (http://localhost:50889/__cypress/runner/cypress_runner.js:162024:14)",
                "diff": null
              },
              "uuid": "164215f8-dd6d-43c8-bb9d-567989fded80",
              "parentUUID": "3deae488-d32e-4279-8de4-656e8417db77",
              "isHook": false,
              "skipped": false
            },
            {
              "title": "Verifica se o input só aceita número maiores que zero. Essa restrição deve ser feita usando os atributos do elemento `input`",
              "fullTitle": "10 - Faça o quadro de pixels ter seu tamanho definido pelo usuário. Verifica se o input só aceita número maiores que zero. Essa restrição deve ser feita usando os atributos do elemento `input`",
              "timedOut": null,
              "duration": 5666,
              "state": "failed",
              "speed": null,
              "pass": false,
              "fail": true,
              "pending": false,
              "context": null,
              "code": "cy.get('#board-size[type=\\'number\\'][min=\\'1\\']');",
              "err": {
                "message": "CypressError: Timed out retrying: Expected to find element: '#board-size[type='number'][min='1']', but never found it.",
                "estack": "CypressError: Timed out retrying: Expected to find element: '#board-size[type='number'][min='1']', but never found it.\n    at cypressErr (http://localhost:50889/__cypress/runner/cypress_runner.js:149934:9)\n    at throwErr (http://localhost:50889/__cypress/runner/cypress_runner.js:149867:11)\n    at Object.throwErrByPath (http://localhost:50889/__cypress/runner/cypress_runner.js:149915:3)\n    at retry (http://localhost:50889/__cypress/runner/cypress_runner.js:144197:19)\n    at onFailFn (http://localhost:50889/__cypress/runner/cypress_runner.js:132448:16)\n    at tryCatcher (http://localhost:50889/__cypress/runner/cypress_runner.js:167415:23)\n    at Promise._settlePromiseFromHandler (http://localhost:50889/__cypress/runner/cypress_runner.js:165351:31)\n    at Promise._settlePromise (http://localhost:50889/__cypress/runner/cypress_runner.js:165408:18)\n    at Promise._settlePromise0 (http://localhost:50889/__cypress/runner/cypress_runner.js:165453:10)\n    at Promise._settlePromises (http://localhost:50889/__cypress/runner/cypress_runner.js:165528:18)\n    at Async../node_modules/bluebird/js/release/async.js.Async._drainQueue (http://localhost:50889/__cypress/runner/cypress_runner.js:162140:16)\n    at Async../node_modules/bluebird/js/release/async.js.Async._drainQueues (http://localhost:50889/__cypress/runner/cypress_runner.js:162150:10)\n    at Async.drainQueues (http://localhost:50889/__cypress/runner/cypress_runner.js:162024:14)",
                "diff": null
              },
              "uuid": "bddc29a4-960b-40da-9937-db6adca6e4f2",
              "parentUUID": "3deae488-d32e-4279-8de4-656e8417db77",
              "isHook": false,
              "skipped": false
            },
            {
              "title": "Verifica se o botão contém o texto 'VQV'",
              "fullTitle": "10 - Faça o quadro de pixels ter seu tamanho definido pelo usuário. Verifica se o botão contém o texto 'VQV'",
              "timedOut": null,
              "duration": 5375,
              "state": "failed",
              "speed": null,
              "pass": false,
              "fail": true,
              "pending": false,
              "context": null,
              "code": "cy.get('#generate-board').contains(/vqv/i);",
              "err": {
                "message": "CypressError: Timed out retrying: Expected to find element: '#generate-board', but never found it.",
                "estack": "CypressError: Timed out retrying: Expected to find element: '#generate-board', but never found it.\n    at cypressErr (http://localhost:50889/__cypress/runner/cypress_runner.js:149934:9)\n    at throwErr (http://localhost:50889/__cypress/runner/cypress_runner.js:149867:11)\n    at Object.throwErrByPath (http://localhost:50889/__cypress/runner/cypress_runner.js:149915:3)\n    at retry (http://localhost:50889/__cypress/runner/cypress_runner.js:144197:19)\n    at onFailFn (http://localhost:50889/__cypress/runner/cypress_runner.js:132448:16)\n    at tryCatcher (http://localhost:50889/__cypress/runner/cypress_runner.js:167415:23)\n    at Promise._settlePromiseFromHandler (http://localhost:50889/__cypress/runner/cypress_runner.js:165351:31)\n    at Promise._settlePromise (http://localhost:50889/__cypress/runner/cypress_runner.js:165408:18)\n    at Promise._settlePromise0 (http://localhost:50889/__cypress/runner/cypress_runner.js:165453:10)\n    at Promise._settlePromises (http://localhost:50889/__cypress/runner/cypress_runner.js:165528:18)\n    at Async../node_modules/bluebird/js/release/async.js.Async._drainQueue (http://localhost:50889/__cypress/runner/cypress_runner.js:162140:16)\n    at Async../node_modules/bluebird/js/release/async.js.Async._drainQueues (http://localhost:50889/__cypress/runner/cypress_runner.js:162150:10)\n    at Async.drainQueues (http://localhost:50889/__cypress/runner/cypress_runner.js:162024:14)",
                "diff": null
              },
              "uuid": "fa0fd09d-7fdf-4849-86be-3cb5ca1c0c8e",
              "parentUUID": "3deae488-d32e-4279-8de4-656e8417db77",
              "isHook": false,
              "skipped": false
            },
            {
              "title": "Verifica se o input está posicionado entre a paleta de cores e o quadro de pixels",
              "fullTitle": "10 - Faça o quadro de pixels ter seu tamanho definido pelo usuário. Verifica se o input está posicionado entre a paleta de cores e o quadro de pixels",
              "timedOut": null,
              "duration": 5434,
              "state": "failed",
              "speed": null,
              "pass": false,
              "fail": true,
              "pending": false,
              "context": null,
              "code": "cy.get('#color-palette').then(function (palette) {\n  cy.get('#board-size').should('be.belowOf', palette);\n});\ncy.get('#board-size').then(function (palette) {\n  cy.get('#pixel-board').should('be.belowOf', palette);\n});",
              "err": {
                "message": "CypressError: Timed out retrying: Expected to find element: '#board-size', but never found it.",
                "estack": "CypressError: Timed out retrying: Expected to find element: '#board-size', but never found it.\n    at cypressErr (http://localhost:50889/__cypress/runner/cypress_runner.js:149934:9)\n    at throwErr (http://localhost:50889/__cypress/runner/cypress_runner.js:149867:11)\n    at Object.throwErrByPath (http://localhost:50889/__cypress/runner/cypress_runner.js:149915:3)\n    at retry (http://localhost:50889/__cypress/runner/cypress_runner.js:144197:19)\n    at onFailFn (http://localhost:50889/__cypress/runner/cypress_runner.js:132448:16)\n    at tryCatcher (http://localhost:50889/__cypress/runner/cypress_runner.js:167415:23)\n    at Promise._settlePromiseFromHandler (http://localhost:50889/__cypress/runner/cypress_runner.js:165351:31)\n    at Promise._settlePromise (http://localhost:50889/__cypress/runner/cypress_runner.js:165408:18)\n    at Promise._settlePromise0 (http://localhost:50889/__cypress/runner/cypress_runner.js:165453:10)\n    at Promise._settlePromises (http://localhost:50889/__cypress/runner/cypress_runner.js:165528:18)\n    at Async../node_modules/bluebird/js/release/async.js.Async._drainQueue (http://localhost:50889/__cypress/runner/cypress_runner.js:162140:16)\n    at Async../node_modules/bluebird/js/release/async.js.Async._drainQueues (http://localhost:50889/__cypress/runner/cypress_runner.js:162150:10)\n    at Async.drainQueues (http://localhost:50889/__cypress/runner/cypress_runner.js:162024:14)",
                "diff": null
              },
              "uuid": "a78f6bf4-65ac-4fc0-8f8a-c637933ca7a2",
              "parentUUID": "3deae488-d32e-4279-8de4-656e8417db77",
              "isHook": false,
              "skipped": false
            },
            {
              "title": "Verifica se o botão está posicionado ao lado do input",
              "fullTitle": "10 - Faça o quadro de pixels ter seu tamanho definido pelo usuário. Verifica se o botão está posicionado ao lado do input",
              "timedOut": null,
              "duration": 5508,
              "state": "failed",
              "speed": null,
              "pass": false,
              "fail": true,
              "pending": false,
              "context": null,
              "code": "cy.get('#board-size').then(function (board) {\n  cy.get('#generate-board').should('be.onTheRightOf', board);\n});",
              "err": {
                "message": "CypressError: Timed out retrying: Expected to find element: '#board-size', but never found it.",
                "estack": "CypressError: Timed out retrying: Expected to find element: '#board-size', but never found it.\n    at cypressErr (http://localhost:50889/__cypress/runner/cypress_runner.js:149934:9)\n    at throwErr (http://localhost:50889/__cypress/runner/cypress_runner.js:149867:11)\n    at Object.throwErrByPath (http://localhost:50889/__cypress/runner/cypress_runner.js:149915:3)\n    at retry (http://localhost:50889/__cypress/runner/cypress_runner.js:144197:19)\n    at onFailFn (http://localhost:50889/__cypress/runner/cypress_runner.js:132448:16)\n    at tryCatcher (http://localhost:50889/__cypress/runner/cypress_runner.js:167415:23)\n    at Promise._settlePromiseFromHandler (http://localhost:50889/__cypress/runner/cypress_runner.js:165351:31)\n    at Promise._settlePromise (http://localhost:50889/__cypress/runner/cypress_runner.js:165408:18)\n    at Promise._settlePromise0 (http://localhost:50889/__cypress/runner/cypress_runner.js:165453:10)\n    at Promise._settlePromises (http://localhost:50889/__cypress/runner/cypress_runner.js:165528:18)\n    at Async../node_modules/bluebird/js/release/async.js.Async._drainQueue (http://localhost:50889/__cypress/runner/cypress_runner.js:162140:16)\n    at Async../node_modules/bluebird/js/release/async.js.Async._drainQueues (http://localhost:50889/__cypress/runner/cypress_runner.js:162150:10)\n    at Async.drainQueues (http://localhost:50889/__cypress/runner/cypress_runner.js:162024:14)",
                "diff": null
              },
              "uuid": "74164201-28c8-452a-9479-f2fad5817c08",
              "parentUUID": "3deae488-d32e-4279-8de4-656e8417db77",
              "isHook": false,
              "skipped": false
            },
            {
              "title": "Verifica se nenhum valor for colocado no input ao clicar no botão, um `alert` é exibido com o texto: 'Board inválido!'",
              "fullTitle": "10 - Faça o quadro de pixels ter seu tamanho definido pelo usuário. Verifica se nenhum valor for colocado no input ao clicar no botão, um `alert` é exibido com o texto: 'Board inválido!'",
              "timedOut": null,
              "duration": 5737,
              "state": "failed",
              "speed": null,
              "pass": false,
              "fail": true,
              "pending": false,
              "context": null,
              "code": "var alerted = false;\ncy.on('window:alert', function (msg) {\n  return alerted = msg;\n});\ncy.get('#generate-board').click().then(function () {\n  return expect(alerted).to.match(/Board inválido!/i);\n});",
              "err": {
                "message": "CypressError: Timed out retrying: Expected to find element: '#generate-board', but never found it.",
                "estack": "CypressError: Timed out retrying: Expected to find element: '#generate-board', but never found it.\n    at cypressErr (http://localhost:50889/__cypress/runner/cypress_runner.js:149934:9)\n    at throwErr (http://localhost:50889/__cypress/runner/cypress_runner.js:149867:11)\n    at Object.throwErrByPath (http://localhost:50889/__cypress/runner/cypress_runner.js:149915:3)\n    at retry (http://localhost:50889/__cypress/runner/cypress_runner.js:144197:19)\n    at onFailFn (http://localhost:50889/__cypress/runner/cypress_runner.js:132448:16)\n    at tryCatcher (http://localhost:50889/__cypress/runner/cypress_runner.js:167415:23)\n    at Promise._settlePromiseFromHandler (http://localhost:50889/__cypress/runner/cypress_runner.js:165351:31)\n    at Promise._settlePromise (http://localhost:50889/__cypress/runner/cypress_runner.js:165408:18)\n    at Promise._settlePromise0 (http://localhost:50889/__cypress/runner/cypress_runner.js:165453:10)\n    at Promise._settlePromises (http://localhost:50889/__cypress/runner/cypress_runner.js:165528:18)\n    at Async../node_modules/bluebird/js/release/async.js.Async._drainQueue (http://localhost:50889/__cypress/runner/cypress_runner.js:162140:16)\n    at Async../node_modules/bluebird/js/release/async.js.Async._drainQueues (http://localhost:50889/__cypress/runner/cypress_runner.js:162150:10)\n    at Async.drainQueues (http://localhost:50889/__cypress/runner/cypress_runner.js:162024:14)",
                "diff": null
              },
              "uuid": "c3059fd6-fd58-41ea-92f7-ba62e72392c0",
              "parentUUID": "3deae488-d32e-4279-8de4-656e8417db77",
              "isHook": false,
              "skipped": false
            },
            {
              "title": "Verifica se ao clicar no botão com um valor preenchido, o tamanho do board muda.",
              "fullTitle": "10 - Faça o quadro de pixels ter seu tamanho definido pelo usuário. Verifica se ao clicar no botão com um valor preenchido, o tamanho do board muda.",
              "timedOut": null,
              "duration": 5543,
              "state": "failed",
              "speed": null,
              "pass": false,
              "fail": true,
              "pending": false,
              "context": null,
              "code": "cy.get('#board-size').clear().type(10);\ncy.get('#generate-board').click();\ncy.get('.pixel').should('have.length', 100);",
              "err": {
                "message": "CypressError: Timed out retrying: Expected to find element: '#board-size', but never found it.",
                "estack": "CypressError: Timed out retrying: Expected to find element: '#board-size', but never found it.\n    at cypressErr (http://localhost:50889/__cypress/runner/cypress_runner.js:149934:9)\n    at throwErr (http://localhost:50889/__cypress/runner/cypress_runner.js:149867:11)\n    at Object.throwErrByPath (http://localhost:50889/__cypress/runner/cypress_runner.js:149915:3)\n    at retry (http://localhost:50889/__cypress/runner/cypress_runner.js:144197:19)\n    at onFailFn (http://localhost:50889/__cypress/runner/cypress_runner.js:132448:16)\n    at tryCatcher (http://localhost:50889/__cypress/runner/cypress_runner.js:167415:23)\n    at Promise._settlePromiseFromHandler (http://localhost:50889/__cypress/runner/cypress_runner.js:165351:31)\n    at Promise._settlePromise (http://localhost:50889/__cypress/runner/cypress_runner.js:165408:18)\n    at Promise._settlePromise0 (http://localhost:50889/__cypress/runner/cypress_runner.js:165453:10)\n    at Promise._settlePromises (http://localhost:50889/__cypress/runner/cypress_runner.js:165528:18)\n    at Async../node_modules/bluebird/js/release/async.js.Async._drainQueue (http://localhost:50889/__cypress/runner/cypress_runner.js:162140:16)\n    at Async../node_modules/bluebird/js/release/async.js.Async._drainQueues (http://localhost:50889/__cypress/runner/cypress_runner.js:162150:10)\n    at Async.drainQueues (http://localhost:50889/__cypress/runner/cypress_runner.js:162024:14)",
                "diff": null
              },
              "uuid": "52b6af15-177e-48ff-9f20-60413b4de90c",
              "parentUUID": "3deae488-d32e-4279-8de4-656e8417db77",
              "isHook": false,
              "skipped": false
            },
            {
              "title": "Verifica se o novo quadro tem todos os pixels preenchidos com a cor branca",
              "fullTitle": "10 - Faça o quadro de pixels ter seu tamanho definido pelo usuário. Verifica se o novo quadro tem todos os pixels preenchidos com a cor branca",
              "timedOut": null,
              "duration": 5591,
              "state": "failed",
              "speed": null,
              "pass": false,
              "fail": true,
              "pending": false,
              "context": null,
              "code": "cy.get('#board-size').clear().type(6);\ncy.get('#generate-board').click();\ncy.get('.pixel').should('have.length', 36).each(function (pixel) {\n  expect(pixel).to.have.css('background-color', WHITE);\n});",
              "err": {
                "message": "CypressError: Timed out retrying: Expected to find element: '#board-size', but never found it.",
                "estack": "CypressError: Timed out retrying: Expected to find element: '#board-size', but never found it.\n    at cypressErr (http://localhost:50889/__cypress/runner/cypress_runner.js:149934:9)\n    at throwErr (http://localhost:50889/__cypress/runner/cypress_runner.js:149867:11)\n    at Object.throwErrByPath (http://localhost:50889/__cypress/runner/cypress_runner.js:149915:3)\n    at retry (http://localhost:50889/__cypress/runner/cypress_runner.js:144197:19)\n    at onFailFn (http://localhost:50889/__cypress/runner/cypress_runner.js:132448:16)\n    at tryCatcher (http://localhost:50889/__cypress/runner/cypress_runner.js:167415:23)\n    at Promise._settlePromiseFromHandler (http://localhost:50889/__cypress/runner/cypress_runner.js:165351:31)\n    at Promise._settlePromise (http://localhost:50889/__cypress/runner/cypress_runner.js:165408:18)\n    at Promise._settlePromise0 (http://localhost:50889/__cypress/runner/cypress_runner.js:165453:10)\n    at Promise._settlePromises (http://localhost:50889/__cypress/runner/cypress_runner.js:165528:18)\n    at Async../node_modules/bluebird/js/release/async.js.Async._drainQueue (http://localhost:50889/__cypress/runner/cypress_runner.js:162140:16)\n    at Async../node_modules/bluebird/js/release/async.js.Async._drainQueues (http://localhost:50889/__cypress/runner/cypress_runner.js:162150:10)\n    at Async.drainQueues (http://localhost:50889/__cypress/runner/cypress_runner.js:162024:14)",
                "diff": null
              },
              "uuid": "65ec5908-957b-46ed-8c8c-30cbecdce26f",
              "parentUUID": "3deae488-d32e-4279-8de4-656e8417db77",
              "isHook": false,
              "skipped": false
            }
          ],
          "suites": [],
          "passes": [],
          "failures": [
            "674aa458-b1bb-4bd8-b2fc-9f980d149bfe",
            "164215f8-dd6d-43c8-bb9d-567989fded80",
            "bddc29a4-960b-40da-9937-db6adca6e4f2",
            "fa0fd09d-7fdf-4849-86be-3cb5ca1c0c8e",
            "a78f6bf4-65ac-4fc0-8f8a-c637933ca7a2",
            "74164201-28c8-452a-9479-f2fad5817c08",
            "c3059fd6-fd58-41ea-92f7-ba62e72392c0",
            "52b6af15-177e-48ff-9f20-60413b4de90c",
            "65ec5908-957b-46ed-8c8c-30cbecdce26f"
          ],
          "pending": [],
          "skipped": [],
          "duration": 49677,
          "root": false,
          "rootEmpty": false,
          "_timeout": 2000
        },
        {
          "uuid": "4a847a3c-7272-4810-a06d-c40a9ef28c46",
          "title": "11 - Limite o tamanho mínimo e máximo do board.",
          "fullFile": "",
          "file": "",
          "beforeHooks": [],
          "afterHooks": [],
          "tests": [
            {
              "title": "Verifica se a altura máxima do board é 50",
              "fullTitle": "11 - Limite o tamanho mínimo e máximo do board. Verifica se a altura máxima do board é 50",
              "timedOut": null,
              "duration": 5791,
              "state": "failed",
              "speed": null,
              "pass": false,
              "fail": true,
              "pending": false,
              "context": null,
              "code": "cy.get('#board-size').clear().type(50);\ncy.get('#generate-board').click();\ncy.get('.pixel').should('have.length', 2500);",
              "err": {
                "message": "CypressError: Timed out retrying: Expected to find element: '#board-size', but never found it.",
                "estack": "CypressError: Timed out retrying: Expected to find element: '#board-size', but never found it.\n    at cypressErr (http://localhost:50889/__cypress/runner/cypress_runner.js:149934:9)\n    at throwErr (http://localhost:50889/__cypress/runner/cypress_runner.js:149867:11)\n    at Object.throwErrByPath (http://localhost:50889/__cypress/runner/cypress_runner.js:149915:3)\n    at retry (http://localhost:50889/__cypress/runner/cypress_runner.js:144197:19)\n    at onFailFn (http://localhost:50889/__cypress/runner/cypress_runner.js:132448:16)\n    at tryCatcher (http://localhost:50889/__cypress/runner/cypress_runner.js:167415:23)\n    at Promise._settlePromiseFromHandler (http://localhost:50889/__cypress/runner/cypress_runner.js:165351:31)\n    at Promise._settlePromise (http://localhost:50889/__cypress/runner/cypress_runner.js:165408:18)\n    at Promise._settlePromise0 (http://localhost:50889/__cypress/runner/cypress_runner.js:165453:10)\n    at Promise._settlePromises (http://localhost:50889/__cypress/runner/cypress_runner.js:165528:18)\n    at Async../node_modules/bluebird/js/release/async.js.Async._drainQueue (http://localhost:50889/__cypress/runner/cypress_runner.js:162140:16)\n    at Async../node_modules/bluebird/js/release/async.js.Async._drainQueues (http://localhost:50889/__cypress/runner/cypress_runner.js:162150:10)\n    at Async.drainQueues (http://localhost:50889/__cypress/runner/cypress_runner.js:162024:14)",
                "diff": null
              },
              "uuid": "9b7e2897-108b-4082-9103-ee0de6b04b87",
              "parentUUID": "4a847a3c-7272-4810-a06d-c40a9ef28c46",
              "isHook": false,
              "skipped": false
            },
            {
              "title": "Verifica se a altura do board é 5 quando um valor menor é colocado no input",
              "fullTitle": "11 - Limite o tamanho mínimo e máximo do board. Verifica se a altura do board é 5 quando um valor menor é colocado no input",
              "timedOut": null,
              "duration": 5355,
              "state": "failed",
              "speed": null,
              "pass": false,
              "fail": true,
              "pending": false,
              "context": null,
              "code": "cy.get('#board-size').clear().type(4);\ncy.get('#generate-board').click();\ncy.get('.pixel').should('have.length', 25);",
              "err": {
                "message": "CypressError: Timed out retrying: Expected to find element: '#board-size', but never found it.",
                "estack": "CypressError: Timed out retrying: Expected to find element: '#board-size', but never found it.\n    at cypressErr (http://localhost:50889/__cypress/runner/cypress_runner.js:149934:9)\n    at throwErr (http://localhost:50889/__cypress/runner/cypress_runner.js:149867:11)\n    at Object.throwErrByPath (http://localhost:50889/__cypress/runner/cypress_runner.js:149915:3)\n    at retry (http://localhost:50889/__cypress/runner/cypress_runner.js:144197:19)\n    at onFailFn (http://localhost:50889/__cypress/runner/cypress_runner.js:132448:16)\n    at tryCatcher (http://localhost:50889/__cypress/runner/cypress_runner.js:167415:23)\n    at Promise._settlePromiseFromHandler (http://localhost:50889/__cypress/runner/cypress_runner.js:165351:31)\n    at Promise._settlePromise (http://localhost:50889/__cypress/runner/cypress_runner.js:165408:18)\n    at Promise._settlePromise0 (http://localhost:50889/__cypress/runner/cypress_runner.js:165453:10)\n    at Promise._settlePromises (http://localhost:50889/__cypress/runner/cypress_runner.js:165528:18)\n    at Async../node_modules/bluebird/js/release/async.js.Async._drainQueue (http://localhost:50889/__cypress/runner/cypress_runner.js:162140:16)\n    at Async../node_modules/bluebird/js/release/async.js.Async._drainQueues (http://localhost:50889/__cypress/runner/cypress_runner.js:162150:10)\n    at Async.drainQueues (http://localhost:50889/__cypress/runner/cypress_runner.js:162024:14)",
                "diff": null
              },
              "uuid": "0e26d50e-1629-48e5-9f63-259887b53eec",
              "parentUUID": "4a847a3c-7272-4810-a06d-c40a9ef28c46",
              "isHook": false,
              "skipped": false
            },
            {
              "title": "Verifica se a altura do board é 50 quando um valor maior é colocado no input",
              "fullTitle": "11 - Limite o tamanho mínimo e máximo do board. Verifica se a altura do board é 50 quando um valor maior é colocado no input",
              "timedOut": null,
              "duration": 5432,
              "state": "failed",
              "speed": null,
              "pass": false,
              "fail": true,
              "pending": false,
              "context": null,
              "code": "cy.get('#board-size').clear().type(51);\ncy.get('#generate-board').click();\ncy.get('.pixel').should('have.length', 2500);",
              "err": {
                "message": "CypressError: Timed out retrying: Expected to find element: '#board-size', but never found it.",
                "estack": "CypressError: Timed out retrying: Expected to find element: '#board-size', but never found it.\n    at cypressErr (http://localhost:50889/__cypress/runner/cypress_runner.js:149934:9)\n    at throwErr (http://localhost:50889/__cypress/runner/cypress_runner.js:149867:11)\n    at Object.throwErrByPath (http://localhost:50889/__cypress/runner/cypress_runner.js:149915:3)\n    at retry (http://localhost:50889/__cypress/runner/cypress_runner.js:144197:19)\n    at onFailFn (http://localhost:50889/__cypress/runner/cypress_runner.js:132448:16)\n    at tryCatcher (http://localhost:50889/__cypress/runner/cypress_runner.js:167415:23)\n    at Promise._settlePromiseFromHandler (http://localhost:50889/__cypress/runner/cypress_runner.js:165351:31)\n    at Promise._settlePromise (http://localhost:50889/__cypress/runner/cypress_runner.js:165408:18)\n    at Promise._settlePromise0 (http://localhost:50889/__cypress/runner/cypress_runner.js:165453:10)\n    at Promise._settlePromises (http://localhost:50889/__cypress/runner/cypress_runner.js:165528:18)\n    at Async../node_modules/bluebird/js/release/async.js.Async._drainQueue (http://localhost:50889/__cypress/runner/cypress_runner.js:162140:16)\n    at Async../node_modules/bluebird/js/release/async.js.Async._drainQueues (http://localhost:50889/__cypress/runner/cypress_runner.js:162150:10)\n    at Async.drainQueues (http://localhost:50889/__cypress/runner/cypress_runner.js:162024:14)",
                "diff": null
              },
              "uuid": "764b1785-8387-4ae0-9700-8b3f8671a8a9",
              "parentUUID": "4a847a3c-7272-4810-a06d-c40a9ef28c46",
              "isHook": false,
              "skipped": false
            }
          ],
          "suites": [],
          "passes": [],
          "failures": [
            "9b7e2897-108b-4082-9103-ee0de6b04b87",
            "0e26d50e-1629-48e5-9f63-259887b53eec",
            "764b1785-8387-4ae0-9700-8b3f8671a8a9"
          ],
          "pending": [],
          "skipped": [],
          "duration": 16578,
          "root": false,
          "rootEmpty": false,
          "_timeout": 2000
        },
        {
          "uuid": "2838c6a5-baf6-4f2c-8349-667b286d6735",
          "title": "12 - Faça com que as cores da paleta sejam geradas aleatoriamente ao carregar a página.",
          "fullFile": "",
          "file": "",
          "beforeHooks": [],
          "afterHooks": [],
          "tests": [
            {
              "title": "Verifica se as cores geradas na paleta são diferentes a cada carregamento da página",
              "fullTitle": "12 - Faça com que as cores da paleta sejam geradas aleatoriamente ao carregar a página. Verifica se as cores geradas na paleta são diferentes a cada carregamento da página",
              "timedOut": null,
              "duration": 2829,
              "state": "failed",
              "speed": null,
              "pass": false,
              "fail": true,
              "pending": false,
              "context": null,
              "code": "cy.get('.color').then(function (colors) {\n  var currentColors;\n  var previousColors;\n  previousColors = Array.from(colors).map(function (color) {\n    return Cypress.$(color).css('background-color');\n  });\n  for (var i = 0; i < 5; i += 1) {\n    cy.reload();\n    cy.get('.color').then(function (colors) {\n      currentColors = Array.from(colors).map(function (color) {\n        return Cypress.$(color).css('background-color');\n      });\n      expect(currentColors).not.to.deep.equal(previousColors);\n      previousColors = currentColors;\n    });\n  }\n});",
              "err": {
                "message": "AssertionError: expected [ Array(4) ] to not deeply equal [ Array(4) ]",
                "estack": "AssertionError: expected [ Array(4) ] to not deeply equal [ Array(4) ]\n    at getRet (http://localhost:50889/__cypress/runner/cypress_runner.js:136585:16)\n    at tryCatcher (http://localhost:50889/__cypress/runner/cypress_runner.js:167415:23)\n    at Function.Promise.attempt.Promise.try (http://localhost:50889/__cypress/runner/cypress_runner.js:164690:29)\n    at Context.thenFn (http://localhost:50889/__cypress/runner/cypress_runner.js:136599:23)\n    at Context.then (http://localhost:50889/__cypress/runner/cypress_runner.js:136971:21)\n    at Context.<anonymous> (http://localhost:50889/__cypress/runner/cypress_runner.js:148875:21)\n    at http://localhost:50889/__cypress/runner/cypress_runner.js:148351:33\n    at tryCatcher (http://localhost:50889/__cypress/runner/cypress_runner.js:167415:23)\n    at Promise._settlePromiseFromHandler (http://localhost:50889/__cypress/runner/cypress_runner.js:165351:31)\n    at Promise._settlePromise (http://localhost:50889/__cypress/runner/cypress_runner.js:165408:18)\n    at Promise._settlePromiseCtx (http://localhost:50889/__cypress/runner/cypress_runner.js:165445:10)\n    at Async../node_modules/bluebird/js/release/async.js.Async._drainQueue (http://localhost:50889/__cypress/runner/cypress_runner.js:162145:12)\n    at Async../node_modules/bluebird/js/release/async.js.Async._drainQueues (http://localhost:50889/__cypress/runner/cypress_runner.js:162150:10)\n    at Async.drainQueues (http://localhost:50889/__cypress/runner/cypress_runner.js:162024:14)",
                "diff": ""
              },
              "uuid": "17369c1f-960b-456c-a118-823779a85fd7",
              "parentUUID": "2838c6a5-baf6-4f2c-8349-667b286d6735",
              "isHook": false,
              "skipped": false
            },
            {
              "title": "Verifica se a cor preta ainda está presente e é a primeira na sua paleta de cores",
              "fullTitle": "12 - Faça com que as cores da paleta sejam geradas aleatoriamente ao carregar a página. Verifica se a cor preta ainda está presente e é a primeira na sua paleta de cores",
              "timedOut": null,
              "duration": 2279,
              "state": "failed",
              "speed": null,
              "pass": false,
              "fail": true,
              "pending": false,
              "context": null,
              "code": "cy.get('.color').then(function (colors) {\n  var currentColors;\n  var previousColors;\n  previousColors = Array.from(colors).map(function (color) {\n    return Cypress.$(color).css('background-color');\n  });\n  expect(previousColors[0]).to.eq(BLACK);\n  for (var i = 0; i < 5; i += 1) {\n    cy.reload();\n    cy.get('.color').then(function (colors) {\n      currentColors = Array.from(colors).map(function (color) {\n        return Cypress.$(color).css('background-color');\n      });\n      expect(currentColors[0]).to.eq(BLACK);\n      expect(currentColors).not.to.deep.equal(previousColors);\n      previousColors = currentColors;\n    });\n  }\n});",
              "err": {
                "message": "AssertionError: expected [ Array(4) ] to not deeply equal [ Array(4) ]",
                "estack": "AssertionError: expected [ Array(4) ] to not deeply equal [ Array(4) ]\n    at getRet (http://localhost:50889/__cypress/runner/cypress_runner.js:136585:16)\n    at tryCatcher (http://localhost:50889/__cypress/runner/cypress_runner.js:167415:23)\n    at Function.Promise.attempt.Promise.try (http://localhost:50889/__cypress/runner/cypress_runner.js:164690:29)\n    at Context.thenFn (http://localhost:50889/__cypress/runner/cypress_runner.js:136599:23)\n    at Context.then (http://localhost:50889/__cypress/runner/cypress_runner.js:136971:21)\n    at Context.<anonymous> (http://localhost:50889/__cypress/runner/cypress_runner.js:148875:21)\n    at http://localhost:50889/__cypress/runner/cypress_runner.js:148351:33\n    at tryCatcher (http://localhost:50889/__cypress/runner/cypress_runner.js:167415:23)\n    at Promise._settlePromiseFromHandler (http://localhost:50889/__cypress/runner/cypress_runner.js:165351:31)\n    at Promise._settlePromise (http://localhost:50889/__cypress/runner/cypress_runner.js:165408:18)\n    at Promise._settlePromiseCtx (http://localhost:50889/__cypress/runner/cypress_runner.js:165445:10)\n    at Async../node_modules/bluebird/js/release/async.js.Async._drainQueue (http://localhost:50889/__cypress/runner/cypress_runner.js:162145:12)\n    at Async../node_modules/bluebird/js/release/async.js.Async._drainQueues (http://localhost:50889/__cypress/runner/cypress_runner.js:162150:10)\n    at Async.drainQueues (http://localhost:50889/__cypress/runner/cypress_runner.js:162024:14)",
                "diff": ""
              },
              "uuid": "5d6da7ec-3027-4d28-8c8c-c9a6dcd61a4b",
              "parentUUID": "2838c6a5-baf6-4f2c-8349-667b286d6735",
              "isHook": false,
              "skipped": false
            }
          ],
          "suites": [],
          "passes": [],
          "failures": [
            "17369c1f-960b-456c-a118-823779a85fd7",
            "5d6da7ec-3027-4d28-8c8c-c9a6dcd61a4b"
          ],
          "pending": [],
          "skipped": [],
          "duration": 5108,
          "root": false,
          "rootEmpty": false,
          "_timeout": 2000
        }
      ],
      "passes": [],
      "failures": [],
      "pending": [],
      "skipped": [],
      "duration": 0,
      "root": true,
      "rootEmpty": true,
      "_timeout": 2000
    }
  ],
  "meta": {
    "mocha": {
      "version": "7.0.1"
    },
    "mochawesome": {
      "options": {
        "quiet": false,
        "reportFilename": "mochawesome",
        "saveHtml": false,
        "saveJson": true,
        "consoleReporter": "spec",
        "useInlineDiffs": false
      },
      "version": "4.1.0"
    },
    "marge": {
      "options": {
        "id": "default",
        "reportDir": "cypress/reports",
        "overwrite": true,
        "html": false,
        "json": true
      },
      "version": "4.1.0"
    }
  }
}