{
  "stats": {
    "suites": 12,
    "tests": 41,
    "passes": 28,
    "pending": 0,
    "failures": 13,
    "start": "2021-12-16T01:09:24.209Z",
    "end": "2021-12-16T01:13:31.155Z",
    "duration": 246946,
    "testsRegistered": 41,
    "passPercent": 68.29268292682927,
    "pendingPercent": 0,
    "other": 0,
    "hasOther": false,
    "skipped": 0,
    "hasSkipped": false
  },
  "results": [
    {
      "uuid": "103f1c62-59f6-4333-a700-e2c462f30cdf",
      "title": "",
      "fullFile": "cypress/integration/project.spec.js",
      "file": "cypress/integration/project.spec.js",
      "beforeHooks": [],
      "afterHooks": [],
      "tests": [],
      "suites": [
        {
          "uuid": "0d23914a-524d-4991-b57b-5e0692bfd0fd",
          "title": "1 - Adicione à página o título \"Paleta de Cores\".",
          "fullFile": "",
          "file": "",
          "beforeHooks": [],
          "afterHooks": [],
          "tests": [
            {
              "title": "Verifica se contém um elemento `h1` com o id `title` com o título correto",
              "fullTitle": "1 - Adicione à página o título \"Paleta de Cores\". Verifica se contém um elemento `h1` com o id `title` com o título correto",
              "timedOut": null,
              "duration": 1687,
              "state": "passed",
              "speed": "slow",
              "pass": true,
              "fail": false,
              "pending": false,
              "context": null,
              "code": "cy.get('h1#title').should('contain.text', 'Paleta de Cores');",
              "err": {},
              "uuid": "f192d5c7-c12e-4f9f-bbc8-d17d95bc0577",
              "parentUUID": "0d23914a-524d-4991-b57b-5e0692bfd0fd",
              "isHook": false,
              "skipped": false
            }
          ],
          "suites": [],
          "passes": [
            "f192d5c7-c12e-4f9f-bbc8-d17d95bc0577"
          ],
          "failures": [],
          "pending": [],
          "skipped": [],
          "duration": 1687,
          "root": false,
          "rootEmpty": false,
          "_timeout": 2000
        },
        {
          "uuid": "0e8c97e3-769d-4cbe-be09-f6757cb6a897",
          "title": "2 - Adicione à página uma paleta de quatro cores distintas.",
          "fullFile": "",
          "file": "",
          "beforeHooks": [],
          "afterHooks": [],
          "tests": [
            {
              "title": "A paleta de cores deve ser um elemento com `id` denominado `color-palette`",
              "fullTitle": "2 - Adicione à página uma paleta de quatro cores distintas. A paleta de cores deve ser um elemento com `id` denominado `color-palette`",
              "timedOut": null,
              "duration": 772,
              "state": "passed",
              "speed": "slow",
              "pass": true,
              "fail": false,
              "pending": false,
              "context": null,
              "code": "cy.get('#color-palette').should('be.visible');\ncy.get('#color-palette').children('.color');",
              "err": {},
              "uuid": "b648d344-53d1-47b6-90eb-32a5df58c4e5",
              "parentUUID": "0e8c97e3-769d-4cbe-be09-f6757cb6a897",
              "isHook": false,
              "skipped": false
            },
            {
              "title": "Verifica se cada cor individual da paleta de cores possui a `classe` chamada `color`.",
              "fullTitle": "2 - Adicione à página uma paleta de quatro cores distintas. Verifica se cada cor individual da paleta de cores possui a `classe` chamada `color`.",
              "timedOut": null,
              "duration": 882,
              "state": "passed",
              "speed": "slow",
              "pass": true,
              "fail": false,
              "pending": false,
              "context": null,
              "code": "cy.get('.color').should('have.length', 4).then(function (colors) {\n  for (var i = 0; i < colors.length; i++) {\n    cy.wrap(colors[i]).should('be.visible');\n  }\n});",
              "err": {},
              "uuid": "eca21067-cb56-44e4-8b7f-53ed82f131a8",
              "parentUUID": "0e8c97e3-769d-4cbe-be09-f6757cb6a897",
              "isHook": false,
              "skipped": false
            },
            {
              "title": "Verifica se a cor de fundo de cada elemento da paleta é a cor que o elemento representa. **A única cor não permitida na paleta é a cor branca.**",
              "fullTitle": "2 - Adicione à página uma paleta de quatro cores distintas. Verifica se a cor de fundo de cada elemento da paleta é a cor que o elemento representa. **A única cor não permitida na paleta é a cor branca.**",
              "timedOut": null,
              "duration": 969,
              "state": "passed",
              "speed": "slow",
              "pass": true,
              "fail": false,
              "pending": false,
              "context": null,
              "code": "cy.get('.color').each(function (color) {\n  cy.wrap(color).should('have.class', 'color').and('not.have.css', 'background-color', WHITE);\n  cy.wrap(color).should('have.css', 'background-color');\n});",
              "err": {},
              "uuid": "ef08cc79-3cf8-453b-b3c4-a91a7f1f7e7c",
              "parentUUID": "0e8c97e3-769d-4cbe-be09-f6757cb6a897",
              "isHook": false,
              "skipped": false
            },
            {
              "title": "Verifica se cada elemento da paleta de cores tem uma borda preta, sólida e com 1 pixel de largura;",
              "fullTitle": "2 - Adicione à página uma paleta de quatro cores distintas. Verifica se cada elemento da paleta de cores tem uma borda preta, sólida e com 1 pixel de largura;",
              "timedOut": null,
              "duration": 522,
              "state": "passed",
              "speed": "slow",
              "pass": true,
              "fail": false,
              "pending": false,
              "context": null,
              "code": "cy.get('.color').each(function (color) {\n  cy.wrap(color).and('have.css', 'border', \"1px solid \".concat(BLACK)).and('have.class', 'color');\n});",
              "err": {},
              "uuid": "6853953b-f8f9-416e-93c1-c1a0e34f18f5",
              "parentUUID": "0e8c97e3-769d-4cbe-be09-f6757cb6a897",
              "isHook": false,
              "skipped": false
            },
            {
              "title": "Verifica se a paleta lista todas as cores disponíveis para utilização, lado a lado.",
              "fullTitle": "2 - Adicione à página uma paleta de quatro cores distintas. Verifica se a paleta lista todas as cores disponíveis para utilização, lado a lado.",
              "timedOut": null,
              "duration": 1395,
              "state": "failed",
              "speed": null,
              "pass": false,
              "fail": true,
              "pending": false,
              "context": null,
              "code": "cy.get('.color').then(function (colors) {\n  for (var index = 1; index < colors.length; index += 1) {\n    var currentColor = colors[index];\n    var previousColor = colors[index - 1];\n    cy.wrap(currentColor).should('be.onTheRightOf', previousColor).and('be.horizontallyAlignedWith', previousColor);\n  }\n});",
              "err": {
                "message": "CypressError: The chainer: 'onTheRightOf' was not found. Could not build assertion.",
                "estack": "CypressError: The chainer: 'onTheRightOf' was not found. Could not build assertion.\n    at Object.cypressErr (http://localhost:61763/__cypress/runner/cypress_runner.js:149934:9)\n    at http://localhost:61763/__cypress/runner/cypress_runner.js:136239:27\n    at arrayReduce (http://localhost:61763/__cypress/runner/cypress_runner.js:13988:21)\n    at Function.reduce (http://localhost:61763/__cypress/runner/cypress_runner.js:22986:14)\n    at applyChainers (http://localhost:61763/__cypress/runner/cypress_runner.js:136237:18)\n    at tryCatcher (http://localhost:61763/__cypress/runner/cypress_runner.js:167415:23)\n    at Function.Promise.attempt.Promise.try (http://localhost:61763/__cypress/runner/cypress_runner.js:164690:29)\n    at Context.shouldFn (http://localhost:61763/__cypress/runner/cypress_runner.js:136247:23)\n    at Context.should (http://localhost:61763/__cypress/runner/cypress_runner.js:136262:23)\n    at http://localhost:61763/__cypress/runner/cypress_runner.js:132330:39\n    at assertions (http://localhost:61763/__cypress/runner/cypress_runner.js:132590:14)\n    at tryCatcher (http://localhost:61763/__cypress/runner/cypress_runner.js:167415:23)\n    at Object.gotValue (http://localhost:61763/__cypress/runner/cypress_runner.js:166559:18)\n    at Object.gotAccum (http://localhost:61763/__cypress/runner/cypress_runner.js:166546:25)\n    at Object.tryCatcher (http://localhost:61763/__cypress/runner/cypress_runner.js:167415:23)\n    at Promise._settlePromiseFromHandler (http://localhost:61763/__cypress/runner/cypress_runner.js:165351:31)",
                "diff": null
              },
              "uuid": "af6dd5a2-fd86-4f2d-b938-182151b81816",
              "parentUUID": "0e8c97e3-769d-4cbe-be09-f6757cb6a897",
              "isHook": false,
              "skipped": false
            },
            {
              "title": "Verifica se a paleta de cores está posicionada abaixo do título 'Paleta de Cores'",
              "fullTitle": "2 - Adicione à página uma paleta de quatro cores distintas. Verifica se a paleta de cores está posicionada abaixo do título 'Paleta de Cores'",
              "timedOut": null,
              "duration": 1998,
              "state": "failed",
              "speed": null,
              "pass": false,
              "fail": true,
              "pending": false,
              "context": null,
              "code": "cy.get('h1#title').then(function (title) {\n  cy.get('#color-palette').should('be.belowOf', title);\n});",
              "err": {
                "message": "CypressError: The chainer: 'belowOf' was not found. Could not build assertion.",
                "estack": "CypressError: The chainer: 'belowOf' was not found. Could not build assertion.\n    at Object.cypressErr (http://localhost:61763/__cypress/runner/cypress_runner.js:149934:9)\n    at http://localhost:61763/__cypress/runner/cypress_runner.js:136239:27\n    at arrayReduce (http://localhost:61763/__cypress/runner/cypress_runner.js:13988:21)\n    at Function.reduce (http://localhost:61763/__cypress/runner/cypress_runner.js:22986:14)\n    at applyChainers (http://localhost:61763/__cypress/runner/cypress_runner.js:136237:18)\n    at tryCatcher (http://localhost:61763/__cypress/runner/cypress_runner.js:167415:23)\n    at Function.Promise.attempt.Promise.try (http://localhost:61763/__cypress/runner/cypress_runner.js:164690:29)\n    at Context.shouldFn (http://localhost:61763/__cypress/runner/cypress_runner.js:136247:23)\n    at Context.should (http://localhost:61763/__cypress/runner/cypress_runner.js:136262:23)\n    at http://localhost:61763/__cypress/runner/cypress_runner.js:132330:39\n    at assertions (http://localhost:61763/__cypress/runner/cypress_runner.js:132590:14)\n    at tryCatcher (http://localhost:61763/__cypress/runner/cypress_runner.js:167415:23)\n    at Object.gotValue (http://localhost:61763/__cypress/runner/cypress_runner.js:166559:18)\n    at Object.gotAccum (http://localhost:61763/__cypress/runner/cypress_runner.js:166546:25)\n    at Object.tryCatcher (http://localhost:61763/__cypress/runner/cypress_runner.js:167415:23)\n    at Promise._settlePromiseFromHandler (http://localhost:61763/__cypress/runner/cypress_runner.js:165351:31)",
                "diff": null
              },
              "uuid": "9b5fa618-f1ff-4816-b26a-c4cd99c0af12",
              "parentUUID": "0e8c97e3-769d-4cbe-be09-f6757cb6a897",
              "isHook": false,
              "skipped": false
            },
            {
              "title": "Verifica se a paleta de cores não contém cores repetidas.",
              "fullTitle": "2 - Adicione à página uma paleta de quatro cores distintas. Verifica se a paleta de cores não contém cores repetidas.",
              "timedOut": null,
              "duration": 1093,
              "state": "passed",
              "speed": "slow",
              "pass": true,
              "fail": false,
              "pending": false,
              "context": null,
              "code": "cy.get('.color').then(function (colors) {\n  var allColors = Array.from(colors).map(function (color) {\n    return Cypress.$(color).css('background-color');\n  });\n  cy.log(allColors);\n  var uniqColors = (0, _toConsumableArray2[\"default\"])(new Set(allColors));\n  cy.log(uniqColors);\n  expect(allColors.length).to.eq(uniqColors.length);\n});",
              "err": {},
              "uuid": "bbe306d9-b7ed-4270-aa1e-ce40e5986952",
              "parentUUID": "0e8c97e3-769d-4cbe-be09-f6757cb6a897",
              "isHook": false,
              "skipped": false
            }
          ],
          "suites": [],
          "passes": [
            "b648d344-53d1-47b6-90eb-32a5df58c4e5",
            "eca21067-cb56-44e4-8b7f-53ed82f131a8",
            "ef08cc79-3cf8-453b-b3c4-a91a7f1f7e7c",
            "6853953b-f8f9-416e-93c1-c1a0e34f18f5",
            "bbe306d9-b7ed-4270-aa1e-ce40e5986952"
          ],
          "failures": [
            "af6dd5a2-fd86-4f2d-b938-182151b81816",
            "9b5fa618-f1ff-4816-b26a-c4cd99c0af12"
          ],
          "pending": [],
          "skipped": [],
          "duration": 7631,
          "root": false,
          "rootEmpty": false,
          "_timeout": 2000
        },
        {
          "uuid": "16650b25-5c1b-4270-bab6-1843e9b4ec6d",
          "title": "3 - Adicione a cor **preta** como a primeira cor da paleta de cores.",
          "fullFile": "",
          "file": "",
          "beforeHooks": [],
          "afterHooks": [],
          "tests": [
            {
              "title": "Verifica se a primeira cor da paleta é preta",
              "fullTitle": "3 - Adicione a cor **preta** como a primeira cor da paleta de cores. Verifica se a primeira cor da paleta é preta",
              "timedOut": null,
              "duration": 797,
              "state": "passed",
              "speed": "slow",
              "pass": true,
              "fail": false,
              "pending": false,
              "context": null,
              "code": "cy.get('.color').first().should('have.css', 'background-color', BLACK);",
              "err": {},
              "uuid": "1f3d6fe8-a0bf-41f8-8371-17dae2b5da52",
              "parentUUID": "16650b25-5c1b-4270-bab6-1843e9b4ec6d",
              "isHook": false,
              "skipped": false
            },
            {
              "title": "Verifica se as demais cores podem ser escolhidas livremente.",
              "fullTitle": "3 - Adicione a cor **preta** como a primeira cor da paleta de cores. Verifica se as demais cores podem ser escolhidas livremente.",
              "timedOut": null,
              "duration": 1709,
              "state": "passed",
              "speed": "slow",
              "pass": true,
              "fail": false,
              "pending": false,
              "context": null,
              "code": "cy.get('.color').eq(1).should('not.have.css', 'background-color', BLACK);\ncy.get('.color').eq(1).should('not.have.css', 'background-color', WHITE);\ncy.get('.color').eq(1).should('not.have.css', 'background-color', 'rgba(0, 0, 0, 0)');\ncy.get('.color').eq(1).should('have.css', 'background-color');\ncy.get('.color').eq(2).should('not.have.css', 'background-color', BLACK);\ncy.get('.color').eq(2).should('not.have.css', 'background-color', WHITE);\ncy.get('.color').eq(2).should('not.have.css', 'background-color', 'rgba(0, 0, 0, 0)');\ncy.get('.color').eq(2).should('have.css', 'background-color');\ncy.get('.color').eq(3).should('not.have.css', 'background-color', BLACK);\ncy.get('.color').eq(3).should('not.have.css', 'background-color', WHITE);\ncy.get('.color').eq(3).should('not.have.css', 'background-color', 'rgba(0, 0, 0, 0)');\ncy.get('.color').eq(3).should('have.css', 'background-color');",
              "err": {},
              "uuid": "48fa244b-be2e-4800-9455-173b89754afd",
              "parentUUID": "16650b25-5c1b-4270-bab6-1843e9b4ec6d",
              "isHook": false,
              "skipped": false
            }
          ],
          "suites": [],
          "passes": [
            "1f3d6fe8-a0bf-41f8-8371-17dae2b5da52",
            "48fa244b-be2e-4800-9455-173b89754afd"
          ],
          "failures": [],
          "pending": [],
          "skipped": [],
          "duration": 2506,
          "root": false,
          "rootEmpty": false,
          "_timeout": 2000
        },
        {
          "uuid": "edde5cae-5941-40d0-b954-368ce2f3c47d",
          "title": "4 - Adicione à página um quadro de pixels, com 25 pixels.",
          "fullFile": "",
          "file": "",
          "beforeHooks": [],
          "afterHooks": [],
          "tests": [
            {
              "title": "Verifica se o quadro de pixels possui o `id` denominado `pixel-board`",
              "fullTitle": "4 - Adicione à página um quadro de pixels, com 25 pixels. Verifica se o quadro de pixels possui o `id` denominado `pixel-board`",
              "timedOut": null,
              "duration": 1377,
              "state": "passed",
              "speed": "slow",
              "pass": true,
              "fail": false,
              "pending": false,
              "context": null,
              "code": "cy.get('#pixel-board').should('be.visible');",
              "err": {},
              "uuid": "c6e307f5-fcb1-452f-b4fd-68d38cc0f5c8",
              "parentUUID": "edde5cae-5941-40d0-b954-368ce2f3c47d",
              "isHook": false,
              "skipped": false
            },
            {
              "title": "Verifica se cada pixel individual dentro do quadro possui a `classe` denominada `pixel`.",
              "fullTitle": "4 - Adicione à página um quadro de pixels, com 25 pixels. Verifica se cada pixel individual dentro do quadro possui a `classe` denominada `pixel`.",
              "timedOut": null,
              "duration": 836,
              "state": "passed",
              "speed": "slow",
              "pass": true,
              "fail": false,
              "pending": false,
              "context": null,
              "code": "cy.get('.pixel').should('have.length', 25);",
              "err": {},
              "uuid": "b4cd0cd4-00b6-4716-b837-3cf489d80994",
              "parentUUID": "edde5cae-5941-40d0-b954-368ce2f3c47d",
              "isHook": false,
              "skipped": false
            },
            {
              "title": "Verifica se a cor inicial dos pixels dentro do quadro, ao abrir a página, é branca.",
              "fullTitle": "4 - Adicione à página um quadro de pixels, com 25 pixels. Verifica se a cor inicial dos pixels dentro do quadro, ao abrir a página, é branca.",
              "timedOut": null,
              "duration": 934,
              "state": "passed",
              "speed": "slow",
              "pass": true,
              "fail": false,
              "pending": false,
              "context": null,
              "code": "cy.get('.pixel').should('have.length', 25).each(function (pixel) {\n  expect(pixel).to.have.css('background-color', WHITE);\n});",
              "err": {},
              "uuid": "cffe4760-2a0b-4aea-bb09-3d1accea02b2",
              "parentUUID": "edde5cae-5941-40d0-b954-368ce2f3c47d",
              "isHook": false,
              "skipped": false
            },
            {
              "title": "Verifica se o quadro de pixels aparece abaixo da paleta de cores",
              "fullTitle": "4 - Adicione à página um quadro de pixels, com 25 pixels. Verifica se o quadro de pixels aparece abaixo da paleta de cores",
              "timedOut": null,
              "duration": 1481,
              "state": "failed",
              "speed": null,
              "pass": false,
              "fail": true,
              "pending": false,
              "context": null,
              "code": "cy.get('#color-palette').then(function (palette) {\n  cy.get('#pixel-board').should('be.belowOf', palette);\n});",
              "err": {
                "message": "CypressError: The chainer: 'belowOf' was not found. Could not build assertion.",
                "estack": "CypressError: The chainer: 'belowOf' was not found. Could not build assertion.\n    at Object.cypressErr (http://localhost:61763/__cypress/runner/cypress_runner.js:149934:9)\n    at http://localhost:61763/__cypress/runner/cypress_runner.js:136239:27\n    at arrayReduce (http://localhost:61763/__cypress/runner/cypress_runner.js:13988:21)\n    at Function.reduce (http://localhost:61763/__cypress/runner/cypress_runner.js:22986:14)\n    at applyChainers (http://localhost:61763/__cypress/runner/cypress_runner.js:136237:18)\n    at tryCatcher (http://localhost:61763/__cypress/runner/cypress_runner.js:167415:23)\n    at Function.Promise.attempt.Promise.try (http://localhost:61763/__cypress/runner/cypress_runner.js:164690:29)\n    at Context.shouldFn (http://localhost:61763/__cypress/runner/cypress_runner.js:136247:23)\n    at Context.should (http://localhost:61763/__cypress/runner/cypress_runner.js:136262:23)\n    at http://localhost:61763/__cypress/runner/cypress_runner.js:132330:39\n    at assertions (http://localhost:61763/__cypress/runner/cypress_runner.js:132590:14)\n    at tryCatcher (http://localhost:61763/__cypress/runner/cypress_runner.js:167415:23)\n    at Object.gotValue (http://localhost:61763/__cypress/runner/cypress_runner.js:166559:18)\n    at Object.gotAccum (http://localhost:61763/__cypress/runner/cypress_runner.js:166546:25)\n    at Object.tryCatcher (http://localhost:61763/__cypress/runner/cypress_runner.js:167415:23)\n    at Promise._settlePromiseFromHandler (http://localhost:61763/__cypress/runner/cypress_runner.js:165351:31)",
                "diff": null
              },
              "uuid": "40c035a2-a58f-40db-8bef-b21cb629ef07",
              "parentUUID": "edde5cae-5941-40d0-b954-368ce2f3c47d",
              "isHook": false,
              "skipped": false
            }
          ],
          "suites": [],
          "passes": [
            "c6e307f5-fcb1-452f-b4fd-68d38cc0f5c8",
            "b4cd0cd4-00b6-4716-b837-3cf489d80994",
            "cffe4760-2a0b-4aea-bb09-3d1accea02b2"
          ],
          "failures": [
            "40c035a2-a58f-40db-8bef-b21cb629ef07"
          ],
          "pending": [],
          "skipped": [],
          "duration": 4628,
          "root": false,
          "rootEmpty": false,
          "_timeout": 2000
        },
        {
          "uuid": "30fd41b5-89b7-47ae-bd24-f3edc26452de",
          "title": "5 - Faça com que cada elemento do quadro de pixels possua 40 pixels de largura, 40 pixels de altura e seja delimitado por uma borda preta de 1 pixel.",
          "fullFile": "",
          "file": "",
          "beforeHooks": [],
          "afterHooks": [],
          "tests": [
            {
              "title": "Verifica se o quadro de pixels tem altura e comprimento de 5 elementos",
              "fullTitle": "5 - Faça com que cada elemento do quadro de pixels possua 40 pixels de largura, 40 pixels de altura e seja delimitado por uma borda preta de 1 pixel. Verifica se o quadro de pixels tem altura e comprimento de 5 elementos",
              "timedOut": null,
              "duration": 3377,
              "state": "failed",
              "speed": null,
              "pass": false,
              "fail": true,
              "pending": false,
              "context": null,
              "code": "cy.get('.pixel').should('have.length', 25).each(function (pixel) {\n  expect(pixel).to.have.css('background-color', WHITE);\n}).and(function (pixels) {\n  var rows = chunk(pixels, 5);\n  rows.forEach(function (row) {\n    for (var index = 1; index < row.length; index += 1) {\n      var current = pixels[index];\n      var previous = pixels[index - 1];\n      cy.wrap(current).should('be.onTheRightOf', previous).and('be.horizontallyAlignedWith', previous);\n    }\n  });\n  for (var index = 1; index < 5; index += 1) {\n    expect(pixels[index * 5]).to.be.belowOf(pixels[(index - 1) * 5]);\n  }\n});",
              "err": {
                "message": "Error: Invalid Chai property: belowOf. Did you mean \"below\"?",
                "estack": "Error: Invalid Chai property: belowOf. Did you mean \"below\"?\n    at Object.proxyGetter [as get] (http://localhost:61763/__cypress/runner/cypress_runner.js:71546:17)\n    at http://localhost:61763/__cypress/runner/cypress_runner.js:136161:17\n    at tryCatcher (http://localhost:61763/__cypress/runner/cypress_runner.js:167415:23)\n    at Function.Promise.attempt.Promise.try (http://localhost:61763/__cypress/runner/cypress_runner.js:164690:29)\n    at Context.shouldFnWithCallback (http://localhost:61763/__cypress/runner/cypress_runner.js:136158:23)\n    at Context.shouldFn (http://localhost:61763/__cypress/runner/cypress_runner.js:136167:35)\n    at Context.and (http://localhost:61763/__cypress/runner/cypress_runner.js:136265:23)\n    at Context.<anonymous> (http://localhost:61763/__cypress/runner/cypress_runner.js:148875:21)\n    at http://localhost:61763/__cypress/runner/cypress_runner.js:148351:33\n    at tryCatcher (http://localhost:61763/__cypress/runner/cypress_runner.js:167415:23)\n    at Promise._settlePromiseFromHandler (http://localhost:61763/__cypress/runner/cypress_runner.js:165351:31)\n    at Promise._settlePromise (http://localhost:61763/__cypress/runner/cypress_runner.js:165408:18)\n    at Promise._settlePromiseCtx (http://localhost:61763/__cypress/runner/cypress_runner.js:165445:10)\n    at Async../node_modules/bluebird/js/release/async.js.Async._drainQueue (http://localhost:61763/__cypress/runner/cypress_runner.js:162145:12)\n    at Async../node_modules/bluebird/js/release/async.js.Async._drainQueues (http://localhost:61763/__cypress/runner/cypress_runner.js:162150:10)\n    at Async.drainQueues (http://localhost:61763/__cypress/runner/cypress_runner.js:162024:14)",
                "diff": null
              },
              "uuid": "a8e2e64b-2732-4e13-984d-6064f9b84398",
              "parentUUID": "30fd41b5-89b7-47ae-bd24-f3edc26452de",
              "isHook": false,
              "skipped": false
            },
            {
              "title": "Verifica se 40 pixels é o tamanho total do elemento, incluindo seu conteúdo e excluindo a borda preta, que deve ser criada à parte.",
              "fullTitle": "5 - Faça com que cada elemento do quadro de pixels possua 40 pixels de largura, 40 pixels de altura e seja delimitado por uma borda preta de 1 pixel. Verifica se 40 pixels é o tamanho total do elemento, incluindo seu conteúdo e excluindo a borda preta, que deve ser criada à parte.",
              "timedOut": null,
              "duration": 18137,
              "state": "passed",
              "speed": "slow",
              "pass": true,
              "fail": false,
              "pending": false,
              "context": null,
              "code": "cy.get('.pixel').each(function (pixel) {\n  cy.wrap(pixel).should('have.css', 'height', '40px').and('have.css', 'width', '40px').and('have.css', 'border', \"1px solid \".concat(BLACK));\n});",
              "err": {},
              "uuid": "faf9c67d-0101-4a30-865a-d0a1e319ae45",
              "parentUUID": "30fd41b5-89b7-47ae-bd24-f3edc26452de",
              "isHook": false,
              "skipped": false
            }
          ],
          "suites": [],
          "passes": [
            "faf9c67d-0101-4a30-865a-d0a1e319ae45"
          ],
          "failures": [
            "a8e2e64b-2732-4e13-984d-6064f9b84398"
          ],
          "pending": [],
          "skipped": [],
          "duration": 21514,
          "root": false,
          "rootEmpty": false,
          "_timeout": 2000
        },
        {
          "uuid": "66d8ceb3-ea15-462e-9e99-671ce8b8cf26",
          "title": "6 - Defina a cor preta como cor inicial. Ao carregar a página a cor preta já deve estar selecionada para pintar os pixels",
          "fullFile": "",
          "file": "",
          "beforeHooks": [],
          "afterHooks": [],
          "tests": [
            {
              "title": "Verifica se o elemento da cor preta possui, inicialmente, a `classe` `selected`",
              "fullTitle": "6 - Defina a cor preta como cor inicial. Ao carregar a página a cor preta já deve estar selecionada para pintar os pixels Verifica se o elemento da cor preta possui, inicialmente, a `classe` `selected`",
              "timedOut": null,
              "duration": 1977,
              "state": "passed",
              "speed": "slow",
              "pass": true,
              "fail": false,
              "pending": false,
              "context": null,
              "code": "cy.get('.selected').first().should('have.css', 'background-color', BLACK);",
              "err": {},
              "uuid": "6b9f0019-31f4-47f8-990c-abd8838eadfa",
              "parentUUID": "66d8ceb3-ea15-462e-9e99-671ce8b8cf26",
              "isHook": false,
              "skipped": false
            },
            {
              "title": "Verifica se nenhuma outra cor da paleta tem a `classe` `selected`",
              "fullTitle": "6 - Defina a cor preta como cor inicial. Ao carregar a página a cor preta já deve estar selecionada para pintar os pixels Verifica se nenhuma outra cor da paleta tem a `classe` `selected`",
              "timedOut": null,
              "duration": 1041,
              "state": "passed",
              "speed": "slow",
              "pass": true,
              "fail": false,
              "pending": false,
              "context": null,
              "code": "cy.get('.color:not(:first-child)').each(function (color) {\n  cy.wrap(color).should('not.have.class', 'selected');\n});",
              "err": {},
              "uuid": "d9abf321-c94c-4d7c-92de-d525404bf2ed",
              "parentUUID": "66d8ceb3-ea15-462e-9e99-671ce8b8cf26",
              "isHook": false,
              "skipped": false
            }
          ],
          "suites": [],
          "passes": [
            "6b9f0019-31f4-47f8-990c-abd8838eadfa",
            "d9abf321-c94c-4d7c-92de-d525404bf2ed"
          ],
          "failures": [],
          "pending": [],
          "skipped": [],
          "duration": 3018,
          "root": false,
          "rootEmpty": false,
          "_timeout": 2000
        },
        {
          "uuid": "2a17f39a-96fb-41ed-8fb8-ee0d3d48900a",
          "title": "7 - Clicar em uma das cores da paleta, faz com que ela seja selecionada e utilizada para preencher os pixels no quadro.",
          "fullFile": "",
          "file": "",
          "beforeHooks": [],
          "afterHooks": [],
          "tests": [
            {
              "title": "Verifica se somente uma cor da paleta de cores tem a classe `selected` de cada vez",
              "fullTitle": "7 - Clicar em uma das cores da paleta, faz com que ela seja selecionada e utilizada para preencher os pixels no quadro. Verifica se somente uma cor da paleta de cores tem a classe `selected` de cada vez",
              "timedOut": null,
              "duration": 1181,
              "state": "passed",
              "speed": "slow",
              "pass": true,
              "fail": false,
              "pending": false,
              "context": null,
              "code": "cy.get('.color').each(function (selectedColor, selectedColorIndex) {\n  cy.wrap(selectedColor).click();\n  cy.get('.color').each(function (color, colorIndex) {\n    if (colorIndex === selectedColorIndex) {\n      expect(color).to.have[\"class\"]('selected');\n    } else {\n      expect(color).not.to.have[\"class\"]('selected');\n    }\n  });\n});",
              "err": {},
              "uuid": "fda9f529-deb6-4d4d-8cb9-14568821d93d",
              "parentUUID": "2a17f39a-96fb-41ed-8fb8-ee0d3d48900a",
              "isHook": false,
              "skipped": false
            },
            {
              "title": "Verifica se os pixels dentro do quadro não têm a classe `selected` quando são clicados",
              "fullTitle": "7 - Clicar em uma das cores da paleta, faz com que ela seja selecionada e utilizada para preencher os pixels no quadro. Verifica se os pixels dentro do quadro não têm a classe `selected` quando são clicados",
              "timedOut": null,
              "duration": 13604,
              "state": "passed",
              "speed": "slow",
              "pass": true,
              "fail": false,
              "pending": false,
              "context": null,
              "code": "cy.get('.color').each(function (color) {\n  var backgroundColor = color.css('background-color');\n  cy.wrap(color).click();\n  cy.get('.pixel').each(function (pixel) {\n    cy.wrap(pixel).click().should('not.have.class', 'selected');\n  });\n});",
              "err": {},
              "uuid": "4daf89d6-f715-48d3-b88a-5f99c14cfd26",
              "parentUUID": "2a17f39a-96fb-41ed-8fb8-ee0d3d48900a",
              "isHook": false,
              "skipped": false
            }
          ],
          "suites": [],
          "passes": [
            "fda9f529-deb6-4d4d-8cb9-14568821d93d",
            "4daf89d6-f715-48d3-b88a-5f99c14cfd26"
          ],
          "failures": [],
          "pending": [],
          "skipped": [],
          "duration": 14785,
          "root": false,
          "rootEmpty": false,
          "_timeout": 2000
        },
        {
          "uuid": "fe5d28d8-8b72-4bf8-8a6a-6b99dfedfb42",
          "title": "8 - Clicar em um pixel dentro do quadro após selecionar uma cor na paleta, faz com que o pixel seja preenchido com a cor selecionada.",
          "fullFile": "",
          "file": "",
          "beforeHooks": [],
          "afterHooks": [],
          "tests": [
            {
              "title": "Verifica se ao carregar a página deve ser possível pintar os pixels de preto",
              "fullTitle": "8 - Clicar em um pixel dentro do quadro após selecionar uma cor na paleta, faz com que o pixel seja preenchido com a cor selecionada. Verifica se ao carregar a página deve ser possível pintar os pixels de preto",
              "timedOut": null,
              "duration": 4237,
              "state": "passed",
              "speed": "slow",
              "pass": true,
              "fail": false,
              "pending": false,
              "context": null,
              "code": "cy.get('.pixel').each(function (pixel) {\n  cy.wrap(pixel).click().should('have.css', 'background-color', BLACK);\n});",
              "err": {},
              "uuid": "9f11ebb1-1324-4257-8325-52a64a9a4c27",
              "parentUUID": "fe5d28d8-8b72-4bf8-8a6a-6b99dfedfb42",
              "isHook": false,
              "skipped": false
            },
            {
              "title": "Verifica se após selecionar uma outra cor na paleta, é possível pintar os pixels com essa cor",
              "fullTitle": "8 - Clicar em um pixel dentro do quadro após selecionar uma cor na paleta, faz com que o pixel seja preenchido com a cor selecionada. Verifica se após selecionar uma outra cor na paleta, é possível pintar os pixels com essa cor",
              "timedOut": null,
              "duration": 14258,
              "state": "passed",
              "speed": "slow",
              "pass": true,
              "fail": false,
              "pending": false,
              "context": null,
              "code": "cy.get('.color').each(function (color) {\n  var backgroundColor = color.css('background-color');\n  cy.wrap(color).click();\n  cy.get('.pixel').each(function (pixel) {\n    cy.wrap(pixel).click().should('have.css', 'background-color', backgroundColor);\n  });\n});",
              "err": {},
              "uuid": "29bcd766-830a-4600-9c2c-30f69485d87a",
              "parentUUID": "fe5d28d8-8b72-4bf8-8a6a-6b99dfedfb42",
              "isHook": false,
              "skipped": false
            },
            {
              "title": "Verifica se somente o pixel que foi clicado foi preenchido com a cor selecionada, sem influenciar na cor dos demais pixels.",
              "fullTitle": "8 - Clicar em um pixel dentro do quadro após selecionar uma cor na paleta, faz com que o pixel seja preenchido com a cor selecionada. Verifica se somente o pixel que foi clicado foi preenchido com a cor selecionada, sem influenciar na cor dos demais pixels.",
              "timedOut": null,
              "duration": 10100,
              "state": "passed",
              "speed": "slow",
              "pass": true,
              "fail": false,
              "pending": false,
              "context": null,
              "code": "var colorToPixelIndexMap = {\n  0: 6,\n  1: 8,\n  2: 16,\n  3: 18\n};\ncy.get('.color').each(function (color, index) {\n  cy.wrap(color).click();\n  var backgroundColor = color.css('background-color');\n  var clickedPixelIndex = colorToPixelIndexMap[index];\n  cy.get('.pixel').eq(clickedPixelIndex).click();\n  cy.get('.pixel').eq(clickedPixelIndex - 1).should('not.have.css', 'background-color', backgroundColor);\n  cy.get('.pixel').eq(clickedPixelIndex + 1).should('not.have.css', 'background-color', backgroundColor);\n  cy.get('.pixel').eq(clickedPixelIndex - 5).should('not.have.css', 'background-color', backgroundColor);\n  cy.get('.pixel').eq(clickedPixelIndex + 5).should('not.have.css', 'background-color', backgroundColor);\n  cy.get('.pixel').eq(clickedPixelIndex - 6).should('not.have.css', 'background-color', backgroundColor);\n  cy.get('.pixel').eq(clickedPixelIndex - 4).should('not.have.css', 'background-color', backgroundColor);\n  cy.get('.pixel').eq(clickedPixelIndex + 4).should('not.have.css', 'background-color', backgroundColor);\n  cy.get('.pixel').eq(clickedPixelIndex + 6).should('not.have.css', 'background-color', backgroundColor);\n});",
              "err": {},
              "uuid": "4f62343e-6180-4d35-aeb6-356a15909ce3",
              "parentUUID": "fe5d28d8-8b72-4bf8-8a6a-6b99dfedfb42",
              "isHook": false,
              "skipped": false
            }
          ],
          "suites": [],
          "passes": [
            "9f11ebb1-1324-4257-8325-52a64a9a4c27",
            "29bcd766-830a-4600-9c2c-30f69485d87a",
            "4f62343e-6180-4d35-aeb6-356a15909ce3"
          ],
          "failures": [],
          "pending": [],
          "skipped": [],
          "duration": 28595,
          "root": false,
          "rootEmpty": false,
          "_timeout": 2000
        },
        {
          "uuid": "3bd45860-93ac-4172-a934-bb9bd2caf5e6",
          "title": "9 - Crie um botão que, ao ser clicado, limpa o quadro preenchendo a cor de todos seus pixels com branco.",
          "fullFile": "",
          "file": "",
          "beforeHooks": [],
          "afterHooks": [],
          "tests": [
            {
              "title": "Verifica se o botão tem o `id` denominado `clear-board`",
              "fullTitle": "9 - Crie um botão que, ao ser clicado, limpa o quadro preenchendo a cor de todos seus pixels com branco. Verifica se o botão tem o `id` denominado `clear-board`",
              "timedOut": null,
              "duration": 1023,
              "state": "passed",
              "speed": "slow",
              "pass": true,
              "fail": false,
              "pending": false,
              "context": null,
              "code": "cy.get('#clear-board').should('be.visible');",
              "err": {},
              "uuid": "922473fd-b511-4431-b75d-43119a00eb68",
              "parentUUID": "3bd45860-93ac-4172-a934-bb9bd2caf5e6",
              "isHook": false,
              "skipped": false
            },
            {
              "title": "Verifica se o botão está posicionado entre a paleta de cores e o quadro de pixels",
              "fullTitle": "9 - Crie um botão que, ao ser clicado, limpa o quadro preenchendo a cor de todos seus pixels com branco. Verifica se o botão está posicionado entre a paleta de cores e o quadro de pixels",
              "timedOut": null,
              "duration": 1499,
              "state": "failed",
              "speed": null,
              "pass": false,
              "fail": true,
              "pending": false,
              "context": null,
              "code": "cy.get('#color-palette').then(function (palette) {\n  cy.get('#clear-board').should('be.belowOf', palette);\n});\ncy.get('#clear-board').then(function (clearBtn) {\n  cy.get('#pixel-board').should('be.belowOf', clearBtn);\n});",
              "err": {
                "message": "CypressError: The chainer: 'belowOf' was not found. Could not build assertion.",
                "estack": "CypressError: The chainer: 'belowOf' was not found. Could not build assertion.\n    at Object.cypressErr (http://localhost:61763/__cypress/runner/cypress_runner.js:149934:9)\n    at http://localhost:61763/__cypress/runner/cypress_runner.js:136239:27\n    at arrayReduce (http://localhost:61763/__cypress/runner/cypress_runner.js:13988:21)\n    at Function.reduce (http://localhost:61763/__cypress/runner/cypress_runner.js:22986:14)\n    at applyChainers (http://localhost:61763/__cypress/runner/cypress_runner.js:136237:18)\n    at tryCatcher (http://localhost:61763/__cypress/runner/cypress_runner.js:167415:23)\n    at Function.Promise.attempt.Promise.try (http://localhost:61763/__cypress/runner/cypress_runner.js:164690:29)\n    at Context.shouldFn (http://localhost:61763/__cypress/runner/cypress_runner.js:136247:23)\n    at Context.should (http://localhost:61763/__cypress/runner/cypress_runner.js:136262:23)\n    at http://localhost:61763/__cypress/runner/cypress_runner.js:132330:39\n    at assertions (http://localhost:61763/__cypress/runner/cypress_runner.js:132590:14)\n    at tryCatcher (http://localhost:61763/__cypress/runner/cypress_runner.js:167415:23)\n    at Object.gotValue (http://localhost:61763/__cypress/runner/cypress_runner.js:166559:18)\n    at Object.gotAccum (http://localhost:61763/__cypress/runner/cypress_runner.js:166546:25)\n    at Object.tryCatcher (http://localhost:61763/__cypress/runner/cypress_runner.js:167415:23)\n    at Promise._settlePromiseFromHandler (http://localhost:61763/__cypress/runner/cypress_runner.js:165351:31)",
                "diff": null
              },
              "uuid": "4bd0424b-e426-4950-b546-efca78fe59d7",
              "parentUUID": "3bd45860-93ac-4172-a934-bb9bd2caf5e6",
              "isHook": false,
              "skipped": false
            },
            {
              "title": "Verifica se o texto do botão é 'Limpar'",
              "fullTitle": "9 - Crie um botão que, ao ser clicado, limpa o quadro preenchendo a cor de todos seus pixels com branco. Verifica se o texto do botão é 'Limpar'",
              "timedOut": null,
              "duration": 1300,
              "state": "passed",
              "speed": "slow",
              "pass": true,
              "fail": false,
              "pending": false,
              "context": null,
              "code": "cy.get('#clear-board').should('contain.text', 'Limpar');",
              "err": {},
              "uuid": "006a5290-cd8b-4d9a-bffe-e9a4b1fd679b",
              "parentUUID": "3bd45860-93ac-4172-a934-bb9bd2caf5e6",
              "isHook": false,
              "skipped": false
            },
            {
              "title": "Verifica se ao clicar no botão, o quadro de pixels é totalmente preenchido de branco",
              "fullTitle": "9 - Crie um botão que, ao ser clicado, limpa o quadro preenchendo a cor de todos seus pixels com branco. Verifica se ao clicar no botão, o quadro de pixels é totalmente preenchido de branco",
              "timedOut": null,
              "duration": 9100,
              "state": "failed",
              "speed": null,
              "pass": false,
              "fail": true,
              "pending": false,
              "context": null,
              "code": "cy.get('.color').eq(1).then(function (color) {\n  var backgroundColor = color.css('background-color');\n  cy.wrap(color).click();\n  cy.get('.pixel').each(function (pixel) {\n    cy.wrap(pixel).click().should('have.css', 'background-color', backgroundColor);\n  });\n});\ncy.get('#clear-board').click();\ncy.get('.pixel').each(function (pixel) {\n  cy.wrap(pixel).should('have.css', 'background-color', WHITE);\n});",
              "err": {
                "message": "CypressError: Timed out retrying: expected '<div#one.pixel>' to have CSS property 'background-color' with the value 'rgb(255, 255, 255)', but the value was 'rgb(12, 81, 83)'",
                "estack": "CypressError: Timed out retrying: expected '<div#one.pixel>' to have CSS property 'background-color' with the value 'rgb(255, 255, 255)', but the value was 'rgb(12, 81, 83)'\n    at cypressErr (http://localhost:61763/__cypress/runner/cypress_runner.js:149934:9)\n    at throwErr (http://localhost:61763/__cypress/runner/cypress_runner.js:149867:11)\n    at Object.throwErrByPath (http://localhost:61763/__cypress/runner/cypress_runner.js:149915:3)\n    at retry (http://localhost:61763/__cypress/runner/cypress_runner.js:144197:19)\n    at onFailFn (http://localhost:61763/__cypress/runner/cypress_runner.js:132448:16)\n    at tryCatcher (http://localhost:61763/__cypress/runner/cypress_runner.js:167415:23)\n    at Promise._settlePromiseFromHandler (http://localhost:61763/__cypress/runner/cypress_runner.js:165351:31)\n    at Promise._settlePromise (http://localhost:61763/__cypress/runner/cypress_runner.js:165408:18)\n    at Promise._settlePromise0 (http://localhost:61763/__cypress/runner/cypress_runner.js:165453:10)\n    at Promise._settlePromises (http://localhost:61763/__cypress/runner/cypress_runner.js:165528:18)\n    at Async../node_modules/bluebird/js/release/async.js.Async._drainQueue (http://localhost:61763/__cypress/runner/cypress_runner.js:162140:16)\n    at Async../node_modules/bluebird/js/release/async.js.Async._drainQueues (http://localhost:61763/__cypress/runner/cypress_runner.js:162150:10)\n    at Async.drainQueues (http://localhost:61763/__cypress/runner/cypress_runner.js:162024:14)",
                "diff": null
              },
              "uuid": "002da308-a36d-4674-9235-49e50c4e624d",
              "parentUUID": "3bd45860-93ac-4172-a934-bb9bd2caf5e6",
              "isHook": false,
              "skipped": false
            }
          ],
          "suites": [],
          "passes": [
            "922473fd-b511-4431-b75d-43119a00eb68",
            "006a5290-cd8b-4d9a-bffe-e9a4b1fd679b"
          ],
          "failures": [
            "4bd0424b-e426-4950-b546-efca78fe59d7",
            "002da308-a36d-4674-9235-49e50c4e624d"
          ],
          "pending": [],
          "skipped": [],
          "duration": 12922,
          "root": false,
          "rootEmpty": false,
          "_timeout": 2000
        },
        {
          "uuid": "77fbb4dc-39ec-4096-a30b-f93aeee700a5",
          "title": "10 - Faça o quadro de pixels ter seu tamanho definido pelo usuário.",
          "fullFile": "",
          "file": "",
          "beforeHooks": [],
          "afterHooks": [],
          "tests": [
            {
              "title": "Verifica se existe um input com o id `board-size`",
              "fullTitle": "10 - Faça o quadro de pixels ter seu tamanho definido pelo usuário. Verifica se existe um input com o id `board-size`",
              "timedOut": null,
              "duration": 3053,
              "state": "passed",
              "speed": "slow",
              "pass": true,
              "fail": false,
              "pending": false,
              "context": null,
              "code": "cy.get('#board-size').should('be.visible');",
              "err": {},
              "uuid": "c748f632-82f2-4f0a-bfe6-3274f78deda2",
              "parentUUID": "77fbb4dc-39ec-4096-a30b-f93aeee700a5",
              "isHook": false,
              "skipped": false
            },
            {
              "title": "Verifica se existe um botão com o id `generate-board`",
              "fullTitle": "10 - Faça o quadro de pixels ter seu tamanho definido pelo usuário. Verifica se existe um botão com o id `generate-board`",
              "timedOut": null,
              "duration": 616,
              "state": "passed",
              "speed": "slow",
              "pass": true,
              "fail": false,
              "pending": false,
              "context": null,
              "code": "cy.get('#generate-board').should('be.visible');",
              "err": {},
              "uuid": "41a7a7fa-94d8-41b6-b938-7e64fa59e70e",
              "parentUUID": "77fbb4dc-39ec-4096-a30b-f93aeee700a5",
              "isHook": false,
              "skipped": false
            },
            {
              "title": "Verifica se o input só aceita número maiores que zero. Essa restrição deve ser feita usando os atributos do elemento `input`",
              "fullTitle": "10 - Faça o quadro de pixels ter seu tamanho definido pelo usuário. Verifica se o input só aceita número maiores que zero. Essa restrição deve ser feita usando os atributos do elemento `input`",
              "timedOut": null,
              "duration": 5199,
              "state": "failed",
              "speed": null,
              "pass": false,
              "fail": true,
              "pending": false,
              "context": null,
              "code": "cy.get('#board-size[type=\\'number\\'][min=\\'1\\']');",
              "err": {
                "message": "CypressError: Timed out retrying: Expected to find element: '#board-size[type='number'][min='1']', but never found it.",
                "estack": "CypressError: Timed out retrying: Expected to find element: '#board-size[type='number'][min='1']', but never found it.\n    at cypressErr (http://localhost:61763/__cypress/runner/cypress_runner.js:149934:9)\n    at throwErr (http://localhost:61763/__cypress/runner/cypress_runner.js:149867:11)\n    at Object.throwErrByPath (http://localhost:61763/__cypress/runner/cypress_runner.js:149915:3)\n    at retry (http://localhost:61763/__cypress/runner/cypress_runner.js:144197:19)\n    at onFailFn (http://localhost:61763/__cypress/runner/cypress_runner.js:132448:16)\n    at tryCatcher (http://localhost:61763/__cypress/runner/cypress_runner.js:167415:23)\n    at Promise._settlePromiseFromHandler (http://localhost:61763/__cypress/runner/cypress_runner.js:165351:31)\n    at Promise._settlePromise (http://localhost:61763/__cypress/runner/cypress_runner.js:165408:18)\n    at Promise._settlePromise0 (http://localhost:61763/__cypress/runner/cypress_runner.js:165453:10)\n    at Promise._settlePromises (http://localhost:61763/__cypress/runner/cypress_runner.js:165528:18)\n    at Async../node_modules/bluebird/js/release/async.js.Async._drainQueue (http://localhost:61763/__cypress/runner/cypress_runner.js:162140:16)\n    at Async../node_modules/bluebird/js/release/async.js.Async._drainQueues (http://localhost:61763/__cypress/runner/cypress_runner.js:162150:10)\n    at Async.drainQueues (http://localhost:61763/__cypress/runner/cypress_runner.js:162024:14)",
                "diff": null
              },
              "uuid": "d0969ab8-89d7-4920-aef0-40fc456f6602",
              "parentUUID": "77fbb4dc-39ec-4096-a30b-f93aeee700a5",
              "isHook": false,
              "skipped": false
            },
            {
              "title": "Verifica se o botão contém o texto 'VQV'",
              "fullTitle": "10 - Faça o quadro de pixels ter seu tamanho definido pelo usuário. Verifica se o botão contém o texto 'VQV'",
              "timedOut": null,
              "duration": 1167,
              "state": "passed",
              "speed": "slow",
              "pass": true,
              "fail": false,
              "pending": false,
              "context": null,
              "code": "cy.get('#generate-board').contains(/vqv/i);",
              "err": {},
              "uuid": "dc635022-c87f-4695-bfe8-4231789f34e3",
              "parentUUID": "77fbb4dc-39ec-4096-a30b-f93aeee700a5",
              "isHook": false,
              "skipped": false
            },
            {
              "title": "Verifica se o input está posicionado entre a paleta de cores e o quadro de pixels",
              "fullTitle": "10 - Faça o quadro de pixels ter seu tamanho definido pelo usuário. Verifica se o input está posicionado entre a paleta de cores e o quadro de pixels",
              "timedOut": null,
              "duration": 2388,
              "state": "failed",
              "speed": null,
              "pass": false,
              "fail": true,
              "pending": false,
              "context": null,
              "code": "cy.get('#color-palette').then(function (palette) {\n  cy.get('#board-size').should('be.belowOf', palette);\n});\ncy.get('#board-size').then(function (palette) {\n  cy.get('#pixel-board').should('be.belowOf', palette);\n});",
              "err": {
                "message": "CypressError: The chainer: 'belowOf' was not found. Could not build assertion.",
                "estack": "CypressError: The chainer: 'belowOf' was not found. Could not build assertion.\n    at Object.cypressErr (http://localhost:61763/__cypress/runner/cypress_runner.js:149934:9)\n    at http://localhost:61763/__cypress/runner/cypress_runner.js:136239:27\n    at arrayReduce (http://localhost:61763/__cypress/runner/cypress_runner.js:13988:21)\n    at Function.reduce (http://localhost:61763/__cypress/runner/cypress_runner.js:22986:14)\n    at applyChainers (http://localhost:61763/__cypress/runner/cypress_runner.js:136237:18)\n    at tryCatcher (http://localhost:61763/__cypress/runner/cypress_runner.js:167415:23)\n    at Function.Promise.attempt.Promise.try (http://localhost:61763/__cypress/runner/cypress_runner.js:164690:29)\n    at Context.shouldFn (http://localhost:61763/__cypress/runner/cypress_runner.js:136247:23)\n    at Context.should (http://localhost:61763/__cypress/runner/cypress_runner.js:136262:23)\n    at http://localhost:61763/__cypress/runner/cypress_runner.js:132330:39\n    at assertions (http://localhost:61763/__cypress/runner/cypress_runner.js:132590:14)\n    at tryCatcher (http://localhost:61763/__cypress/runner/cypress_runner.js:167415:23)\n    at Object.gotValue (http://localhost:61763/__cypress/runner/cypress_runner.js:166559:18)\n    at Object.gotAccum (http://localhost:61763/__cypress/runner/cypress_runner.js:166546:25)\n    at Object.tryCatcher (http://localhost:61763/__cypress/runner/cypress_runner.js:167415:23)\n    at Promise._settlePromiseFromHandler (http://localhost:61763/__cypress/runner/cypress_runner.js:165351:31)",
                "diff": null
              },
              "uuid": "033bb386-44c0-477c-b3ad-25551c31de3c",
              "parentUUID": "77fbb4dc-39ec-4096-a30b-f93aeee700a5",
              "isHook": false,
              "skipped": false
            },
            {
              "title": "Verifica se o botão está posicionado ao lado do input",
              "fullTitle": "10 - Faça o quadro de pixels ter seu tamanho definido pelo usuário. Verifica se o botão está posicionado ao lado do input",
              "timedOut": null,
              "duration": 2339,
              "state": "failed",
              "speed": null,
              "pass": false,
              "fail": true,
              "pending": false,
              "context": null,
              "code": "cy.get('#board-size').then(function (board) {\n  cy.get('#generate-board').should('be.onTheRightOf', board);\n});",
              "err": {
                "message": "CypressError: The chainer: 'onTheRightOf' was not found. Could not build assertion.",
                "estack": "CypressError: The chainer: 'onTheRightOf' was not found. Could not build assertion.\n    at Object.cypressErr (http://localhost:61763/__cypress/runner/cypress_runner.js:149934:9)\n    at http://localhost:61763/__cypress/runner/cypress_runner.js:136239:27\n    at arrayReduce (http://localhost:61763/__cypress/runner/cypress_runner.js:13988:21)\n    at Function.reduce (http://localhost:61763/__cypress/runner/cypress_runner.js:22986:14)\n    at applyChainers (http://localhost:61763/__cypress/runner/cypress_runner.js:136237:18)\n    at tryCatcher (http://localhost:61763/__cypress/runner/cypress_runner.js:167415:23)\n    at Function.Promise.attempt.Promise.try (http://localhost:61763/__cypress/runner/cypress_runner.js:164690:29)\n    at Context.shouldFn (http://localhost:61763/__cypress/runner/cypress_runner.js:136247:23)\n    at Context.should (http://localhost:61763/__cypress/runner/cypress_runner.js:136262:23)\n    at http://localhost:61763/__cypress/runner/cypress_runner.js:132330:39\n    at assertions (http://localhost:61763/__cypress/runner/cypress_runner.js:132590:14)\n    at tryCatcher (http://localhost:61763/__cypress/runner/cypress_runner.js:167415:23)\n    at Object.gotValue (http://localhost:61763/__cypress/runner/cypress_runner.js:166559:18)\n    at Object.gotAccum (http://localhost:61763/__cypress/runner/cypress_runner.js:166546:25)\n    at Object.tryCatcher (http://localhost:61763/__cypress/runner/cypress_runner.js:167415:23)\n    at Promise._settlePromiseFromHandler (http://localhost:61763/__cypress/runner/cypress_runner.js:165351:31)",
                "diff": null
              },
              "uuid": "c68c7f62-da36-4d2f-a8d5-2f80100c3220",
              "parentUUID": "77fbb4dc-39ec-4096-a30b-f93aeee700a5",
              "isHook": false,
              "skipped": false
            },
            {
              "title": "Verifica se nenhum valor for colocado no input ao clicar no botão, um `alert` é exibido com o texto: 'Board inválido!'",
              "fullTitle": "10 - Faça o quadro de pixels ter seu tamanho definido pelo usuário. Verifica se nenhum valor for colocado no input ao clicar no botão, um `alert` é exibido com o texto: 'Board inválido!'",
              "timedOut": null,
              "duration": 2817,
              "state": "failed",
              "speed": null,
              "pass": false,
              "fail": true,
              "pending": false,
              "context": null,
              "code": "var alerted = false;\ncy.on('window:alert', function (msg) {\n  return alerted = msg;\n});\ncy.get('#generate-board').click().then(function () {\n  return expect(alerted).to.match(/Board inválido!/i);\n});",
              "err": {
                "message": "AssertionError: expected false to match /Board inválido!/i",
                "estack": "AssertionError: expected false to match /Board inválido!/i\n    at getRet (http://localhost:61763/__cypress/runner/cypress_runner.js:136585:16)\n    at tryCatcher (http://localhost:61763/__cypress/runner/cypress_runner.js:167415:23)\n    at Function.Promise.attempt.Promise.try (http://localhost:61763/__cypress/runner/cypress_runner.js:164690:29)\n    at Context.thenFn (http://localhost:61763/__cypress/runner/cypress_runner.js:136599:23)\n    at Context.then (http://localhost:61763/__cypress/runner/cypress_runner.js:136971:21)\n    at Context.<anonymous> (http://localhost:61763/__cypress/runner/cypress_runner.js:148875:21)\n    at http://localhost:61763/__cypress/runner/cypress_runner.js:148351:33\n    at tryCatcher (http://localhost:61763/__cypress/runner/cypress_runner.js:167415:23)\n    at Promise._settlePromiseFromHandler (http://localhost:61763/__cypress/runner/cypress_runner.js:165351:31)\n    at Promise._settlePromise (http://localhost:61763/__cypress/runner/cypress_runner.js:165408:18)\n    at Promise._settlePromiseCtx (http://localhost:61763/__cypress/runner/cypress_runner.js:165445:10)\n    at Async../node_modules/bluebird/js/release/async.js.Async._drainQueue (http://localhost:61763/__cypress/runner/cypress_runner.js:162145:12)\n    at Async../node_modules/bluebird/js/release/async.js.Async._drainQueues (http://localhost:61763/__cypress/runner/cypress_runner.js:162150:10)\n    at Async.drainQueues (http://localhost:61763/__cypress/runner/cypress_runner.js:162024:14)",
                "diff": null
              },
              "uuid": "6a4b8481-4aa2-4e8b-9801-94e42e918095",
              "parentUUID": "77fbb4dc-39ec-4096-a30b-f93aeee700a5",
              "isHook": false,
              "skipped": false
            },
            {
              "title": "Verifica se ao clicar no botão com um valor preenchido, o tamanho do board muda.",
              "fullTitle": "10 - Faça o quadro de pixels ter seu tamanho definido pelo usuário. Verifica se ao clicar no botão com um valor preenchido, o tamanho do board muda.",
              "timedOut": null,
              "duration": 2793,
              "state": "passed",
              "speed": "slow",
              "pass": true,
              "fail": false,
              "pending": false,
              "context": null,
              "code": "cy.get('#board-size').clear().type(10);\ncy.get('#generate-board').click();\ncy.get('.pixel').should('have.length', 100);",
              "err": {},
              "uuid": "25db1642-ebdd-4815-b5d5-885573065f83",
              "parentUUID": "77fbb4dc-39ec-4096-a30b-f93aeee700a5",
              "isHook": false,
              "skipped": false
            },
            {
              "title": "Verifica se o novo quadro tem todos os pixels preenchidos com a cor branca",
              "fullTitle": "10 - Faça o quadro de pixels ter seu tamanho definido pelo usuário. Verifica se o novo quadro tem todos os pixels preenchidos com a cor branca",
              "timedOut": null,
              "duration": 1631,
              "state": "passed",
              "speed": "slow",
              "pass": true,
              "fail": false,
              "pending": false,
              "context": null,
              "code": "cy.get('#board-size').clear().type(6);\ncy.get('#generate-board').click();\ncy.get('.pixel').should('have.length', 36).each(function (pixel) {\n  expect(pixel).to.have.css('background-color', WHITE);\n});",
              "err": {},
              "uuid": "1f010996-5824-49bb-970f-90ee2fcb49d6",
              "parentUUID": "77fbb4dc-39ec-4096-a30b-f93aeee700a5",
              "isHook": false,
              "skipped": false
            }
          ],
          "suites": [],
          "passes": [
            "c748f632-82f2-4f0a-bfe6-3274f78deda2",
            "41a7a7fa-94d8-41b6-b938-7e64fa59e70e",
            "dc635022-c87f-4695-bfe8-4231789f34e3",
            "25db1642-ebdd-4815-b5d5-885573065f83",
            "1f010996-5824-49bb-970f-90ee2fcb49d6"
          ],
          "failures": [
            "d0969ab8-89d7-4920-aef0-40fc456f6602",
            "033bb386-44c0-477c-b3ad-25551c31de3c",
            "c68c7f62-da36-4d2f-a8d5-2f80100c3220",
            "6a4b8481-4aa2-4e8b-9801-94e42e918095"
          ],
          "pending": [],
          "skipped": [],
          "duration": 22003,
          "root": false,
          "rootEmpty": false,
          "_timeout": 2000
        },
        {
          "uuid": "03e08c42-f554-4897-9ed3-d4559eb5fcef",
          "title": "11 - Limite o tamanho mínimo e máximo do board.",
          "fullFile": "",
          "file": "",
          "beforeHooks": [],
          "afterHooks": [],
          "tests": [
            {
              "title": "Verifica se a altura máxima do board é 50",
              "fullTitle": "11 - Limite o tamanho mínimo e máximo do board. Verifica se a altura máxima do board é 50",
              "timedOut": null,
              "duration": 22757,
              "state": "passed",
              "speed": "slow",
              "pass": true,
              "fail": false,
              "pending": false,
              "context": null,
              "code": "cy.get('#board-size').clear().type(50);\ncy.get('#generate-board').click();\ncy.get('.pixel').should('have.length', 2500);",
              "err": {},
              "uuid": "8ce58430-2579-4498-b16f-199730ec1637",
              "parentUUID": "03e08c42-f554-4897-9ed3-d4559eb5fcef",
              "isHook": false,
              "skipped": false
            },
            {
              "title": "Verifica se a altura do board é 5 quando um valor menor é colocado no input",
              "fullTitle": "11 - Limite o tamanho mínimo e máximo do board. Verifica se a altura do board é 5 quando um valor menor é colocado no input",
              "timedOut": null,
              "duration": 1702,
              "state": "passed",
              "speed": "slow",
              "pass": true,
              "fail": false,
              "pending": false,
              "context": null,
              "code": "cy.get('#board-size').clear().type(4);\ncy.get('#generate-board').click();\ncy.get('.pixel').should('have.length', 25);",
              "err": {},
              "uuid": "d39eabcb-b1dc-4543-9ccd-3b13f5d6e5e4",
              "parentUUID": "03e08c42-f554-4897-9ed3-d4559eb5fcef",
              "isHook": false,
              "skipped": false
            },
            {
              "title": "Verifica se a altura do board é 50 quando um valor maior é colocado no input",
              "fullTitle": "11 - Limite o tamanho mínimo e máximo do board. Verifica se a altura do board é 50 quando um valor maior é colocado no input",
              "timedOut": null,
              "duration": 85138,
              "state": "failed",
              "speed": null,
              "pass": false,
              "fail": true,
              "pending": false,
              "context": null,
              "code": "cy.get('#board-size').clear().type(51);\ncy.get('#generate-board').click();\ncy.get('.pixel').should('have.length', 2500);",
              "err": {
                "message": "CypressError: cy.screenshot() timed out waiting '30000ms' to complete.",
                "estack": "CypressError: cy.screenshot() timed out waiting '30000ms' to complete.\n    at cypressErr (http://localhost:61763/__cypress/runner/cypress_runner.js:149934:9)\n    at throwErr (http://localhost:61763/__cypress/runner/cypress_runner.js:149867:11)\n    at Object.throwErrByPath (http://localhost:61763/__cypress/runner/cypress_runner.js:149915:3)\n    at http://localhost:61763/__cypress/runner/cypress_runner.js:139915:24\n    at tryCatcher (http://localhost:61763/__cypress/runner/cypress_runner.js:167415:23)\n    at http://localhost:61763/__cypress/runner/cypress_runner.js:162556:41\n    at tryCatcher (http://localhost:61763/__cypress/runner/cypress_runner.js:167415:23)\n    at Promise._settlePromiseFromHandler (http://localhost:61763/__cypress/runner/cypress_runner.js:165351:31)\n    at Promise._settlePromise (http://localhost:61763/__cypress/runner/cypress_runner.js:165408:18)\n    at Promise._settlePromise0 (http://localhost:61763/__cypress/runner/cypress_runner.js:165453:10)\n    at Promise._settlePromises (http://localhost:61763/__cypress/runner/cypress_runner.js:165528:18)\n    at Async../node_modules/bluebird/js/release/async.js.Async._drainQueue (http://localhost:61763/__cypress/runner/cypress_runner.js:162140:16)\n    at Async../node_modules/bluebird/js/release/async.js.Async._drainQueues (http://localhost:61763/__cypress/runner/cypress_runner.js:162150:10)\n    at Async.drainQueues (http://localhost:61763/__cypress/runner/cypress_runner.js:162024:14)",
                "diff": null
              },
              "uuid": "99ba3663-7da3-4375-9851-c493d50df979",
              "parentUUID": "03e08c42-f554-4897-9ed3-d4559eb5fcef",
              "isHook": false,
              "skipped": false
            }
          ],
          "suites": [],
          "passes": [
            "8ce58430-2579-4498-b16f-199730ec1637",
            "d39eabcb-b1dc-4543-9ccd-3b13f5d6e5e4"
          ],
          "failures": [
            "99ba3663-7da3-4375-9851-c493d50df979"
          ],
          "pending": [],
          "skipped": [],
          "duration": 109597,
          "root": false,
          "rootEmpty": false,
          "_timeout": 2000
        },
        {
          "uuid": "6dee9492-adab-4e66-a3d0-369b14eb7c88",
          "title": "12 - Faça com que as cores da paleta sejam geradas aleatoriamente ao carregar a página.",
          "fullFile": "",
          "file": "",
          "beforeHooks": [],
          "afterHooks": [],
          "tests": [
            {
              "title": "Verifica se as cores geradas na paleta são diferentes a cada carregamento da página",
              "fullTitle": "12 - Faça com que as cores da paleta sejam geradas aleatoriamente ao carregar a página. Verifica se as cores geradas na paleta são diferentes a cada carregamento da página",
              "timedOut": null,
              "duration": 2850,
              "state": "failed",
              "speed": null,
              "pass": false,
              "fail": true,
              "pending": false,
              "context": null,
              "code": "cy.get('.color').then(function (colors) {\n  var currentColors;\n  var previousColors;\n  previousColors = Array.from(colors).map(function (color) {\n    return Cypress.$(color).css('background-color');\n  });\n  for (var i = 0; i < 5; i += 1) {\n    cy.reload();\n    cy.get('.color').then(function (colors) {\n      currentColors = Array.from(colors).map(function (color) {\n        return Cypress.$(color).css('background-color');\n      });\n      expect(currentColors).not.to.deep.equal(previousColors);\n      previousColors = currentColors;\n    });\n  }\n});",
              "err": {
                "message": "AssertionError: expected [ Array(4) ] to not deeply equal [ Array(4) ]",
                "estack": "AssertionError: expected [ Array(4) ] to not deeply equal [ Array(4) ]\n    at getRet (http://localhost:61763/__cypress/runner/cypress_runner.js:136585:16)\n    at tryCatcher (http://localhost:61763/__cypress/runner/cypress_runner.js:167415:23)\n    at Function.Promise.attempt.Promise.try (http://localhost:61763/__cypress/runner/cypress_runner.js:164690:29)\n    at Context.thenFn (http://localhost:61763/__cypress/runner/cypress_runner.js:136599:23)\n    at Context.then (http://localhost:61763/__cypress/runner/cypress_runner.js:136971:21)\n    at Context.<anonymous> (http://localhost:61763/__cypress/runner/cypress_runner.js:148875:21)\n    at http://localhost:61763/__cypress/runner/cypress_runner.js:148351:33\n    at tryCatcher (http://localhost:61763/__cypress/runner/cypress_runner.js:167415:23)\n    at Promise._settlePromiseFromHandler (http://localhost:61763/__cypress/runner/cypress_runner.js:165351:31)\n    at Promise._settlePromise (http://localhost:61763/__cypress/runner/cypress_runner.js:165408:18)\n    at Promise._settlePromiseCtx (http://localhost:61763/__cypress/runner/cypress_runner.js:165445:10)\n    at Async../node_modules/bluebird/js/release/async.js.Async._drainQueue (http://localhost:61763/__cypress/runner/cypress_runner.js:162145:12)\n    at Async../node_modules/bluebird/js/release/async.js.Async._drainQueues (http://localhost:61763/__cypress/runner/cypress_runner.js:162150:10)\n    at Async.drainQueues (http://localhost:61763/__cypress/runner/cypress_runner.js:162024:14)",
                "diff": ""
              },
              "uuid": "ce869ca2-4387-4e9d-abd1-0944ef8815c4",
              "parentUUID": "6dee9492-adab-4e66-a3d0-369b14eb7c88",
              "isHook": false,
              "skipped": false
            },
            {
              "title": "Verifica se a cor preta ainda está presente e é a primeira na sua paleta de cores",
              "fullTitle": "12 - Faça com que as cores da paleta sejam geradas aleatoriamente ao carregar a página. Verifica se a cor preta ainda está presente e é a primeira na sua paleta de cores",
              "timedOut": null,
              "duration": 4138,
              "state": "failed",
              "speed": null,
              "pass": false,
              "fail": true,
              "pending": false,
              "context": null,
              "code": "cy.get('.color').then(function (colors) {\n  var currentColors;\n  var previousColors;\n  previousColors = Array.from(colors).map(function (color) {\n    return Cypress.$(color).css('background-color');\n  });\n  expect(previousColors[0]).to.eq(BLACK);\n  for (var i = 0; i < 5; i += 1) {\n    cy.reload();\n    cy.get('.color').then(function (colors) {\n      currentColors = Array.from(colors).map(function (color) {\n        return Cypress.$(color).css('background-color');\n      });\n      expect(currentColors[0]).to.eq(BLACK);\n      expect(currentColors).not.to.deep.equal(previousColors);\n      previousColors = currentColors;\n    });\n  }\n});",
              "err": {
                "message": "AssertionError: expected [ Array(4) ] to not deeply equal [ Array(4) ]",
                "estack": "AssertionError: expected [ Array(4) ] to not deeply equal [ Array(4) ]\n    at getRet (http://localhost:61763/__cypress/runner/cypress_runner.js:136585:16)\n    at tryCatcher (http://localhost:61763/__cypress/runner/cypress_runner.js:167415:23)\n    at Function.Promise.attempt.Promise.try (http://localhost:61763/__cypress/runner/cypress_runner.js:164690:29)\n    at Context.thenFn (http://localhost:61763/__cypress/runner/cypress_runner.js:136599:23)\n    at Context.then (http://localhost:61763/__cypress/runner/cypress_runner.js:136971:21)\n    at Context.<anonymous> (http://localhost:61763/__cypress/runner/cypress_runner.js:148875:21)\n    at http://localhost:61763/__cypress/runner/cypress_runner.js:148351:33\n    at tryCatcher (http://localhost:61763/__cypress/runner/cypress_runner.js:167415:23)\n    at Promise._settlePromiseFromHandler (http://localhost:61763/__cypress/runner/cypress_runner.js:165351:31)\n    at Promise._settlePromise (http://localhost:61763/__cypress/runner/cypress_runner.js:165408:18)\n    at Promise._settlePromiseCtx (http://localhost:61763/__cypress/runner/cypress_runner.js:165445:10)\n    at Async../node_modules/bluebird/js/release/async.js.Async._drainQueue (http://localhost:61763/__cypress/runner/cypress_runner.js:162145:12)\n    at Async../node_modules/bluebird/js/release/async.js.Async._drainQueues (http://localhost:61763/__cypress/runner/cypress_runner.js:162150:10)\n    at Async.drainQueues (http://localhost:61763/__cypress/runner/cypress_runner.js:162024:14)",
                "diff": ""
              },
              "uuid": "ed7610c0-7fa0-48d6-899e-7b0d2a1c79a7",
              "parentUUID": "6dee9492-adab-4e66-a3d0-369b14eb7c88",
              "isHook": false,
              "skipped": false
            }
          ],
          "suites": [],
          "passes": [],
          "failures": [
            "ce869ca2-4387-4e9d-abd1-0944ef8815c4",
            "ed7610c0-7fa0-48d6-899e-7b0d2a1c79a7"
          ],
          "pending": [],
          "skipped": [],
          "duration": 6988,
          "root": false,
          "rootEmpty": false,
          "_timeout": 2000
        }
      ],
      "passes": [],
      "failures": [],
      "pending": [],
      "skipped": [],
      "duration": 0,
      "root": true,
      "rootEmpty": true,
      "_timeout": 2000
    }
  ],
  "meta": {
    "mocha": {
      "version": "7.0.1"
    },
    "mochawesome": {
      "options": {
        "quiet": false,
        "reportFilename": "mochawesome",
        "saveHtml": false,
        "saveJson": true,
        "consoleReporter": "spec",
        "useInlineDiffs": false
      },
      "version": "4.1.0"
    },
    "marge": {
      "options": {
        "id": "default",
        "reportDir": "cypress/reports",
        "overwrite": true,
        "html": false,
        "json": true
      },
      "version": "4.1.0"
    }
  }
}